 0  *ast.File {
 1  .  Package: var.go:1:1
 2  .  Name: *ast.Ident {
 3  .  .  NamePos: var.go:1:9
 4  .  .  Name: "ast"
 5  .  }
 6  .  Decls: []ast.Decl (len = 9) {
 7  .  .  0: *ast.GenDecl {
 8  .  .  .  TokPos: var.go:3:1
 9  .  .  .  Tok: type
10  .  .  .  Lparen: -
11  .  .  .  Specs: []ast.Spec (len = 1) {
12  .  .  .  .  0: *ast.TypeSpec {
13  .  .  .  .  .  Name: *ast.Ident {
14  .  .  .  .  .  .  NamePos: var.go:3:6
15  .  .  .  .  .  .  Name: "fooVar"
16  .  .  .  .  .  .  Obj: *ast.Object {
17  .  .  .  .  .  .  .  Kind: type
18  .  .  .  .  .  .  .  Name: "fooVar"
19  .  .  .  .  .  .  .  Decl: *(obj @ 12)
20  .  .  .  .  .  .  }
21  .  .  .  .  .  }
22  .  .  .  .  .  Assign: -
23  .  .  .  .  .  Type: *ast.StructType {
24  .  .  .  .  .  .  Struct: var.go:3:13
25  .  .  .  .  .  .  Fields: *ast.FieldList {
26  .  .  .  .  .  .  .  Opening: var.go:3:20
27  .  .  .  .  .  .  .  List: []*ast.Field (len = 2) {
28  .  .  .  .  .  .  .  .  0: *ast.Field {
29  .  .  .  .  .  .  .  .  .  Names: []*ast.Ident (len = 1) {
30  .  .  .  .  .  .  .  .  .  .  0: *ast.Ident {
31  .  .  .  .  .  .  .  .  .  .  .  NamePos: var.go:4:2
32  .  .  .  .  .  .  .  .  .  .  .  Name: "m"
33  .  .  .  .  .  .  .  .  .  .  .  Obj: *ast.Object {
34  .  .  .  .  .  .  .  .  .  .  .  .  Kind: var
35  .  .  .  .  .  .  .  .  .  .  .  .  Name: "m"
36  .  .  .  .  .  .  .  .  .  .  .  .  Decl: *(obj @ 28)
37  .  .  .  .  .  .  .  .  .  .  .  }
38  .  .  .  .  .  .  .  .  .  .  }
39  .  .  .  .  .  .  .  .  .  }
40  .  .  .  .  .  .  .  .  .  Type: *ast.Ident {
41  .  .  .  .  .  .  .  .  .  .  NamePos: var.go:4:5
42  .  .  .  .  .  .  .  .  .  .  Name: "int"
43  .  .  .  .  .  .  .  .  .  }
44  .  .  .  .  .  .  .  .  }
45  .  .  .  .  .  .  .  .  1: *ast.Field {
46  .  .  .  .  .  .  .  .  .  Names: []*ast.Ident (len = 1) {
47  .  .  .  .  .  .  .  .  .  .  0: *ast.Ident {
48  .  .  .  .  .  .  .  .  .  .  .  NamePos: var.go:5:2
49  .  .  .  .  .  .  .  .  .  .  .  Name: "mm"
50  .  .  .  .  .  .  .  .  .  .  .  Obj: *ast.Object {
51  .  .  .  .  .  .  .  .  .  .  .  .  Kind: var
52  .  .  .  .  .  .  .  .  .  .  .  .  Name: "mm"
53  .  .  .  .  .  .  .  .  .  .  .  .  Decl: *(obj @ 45)
54  .  .  .  .  .  .  .  .  .  .  .  }
55  .  .  .  .  .  .  .  .  .  .  }
56  .  .  .  .  .  .  .  .  .  }
57  .  .  .  .  .  .  .  .  .  Type: *ast.MapType {
58  .  .  .  .  .  .  .  .  .  .  Map: var.go:5:5
59  .  .  .  .  .  .  .  .  .  .  Key: *ast.Ident {
60  .  .  .  .  .  .  .  .  .  .  .  NamePos: var.go:5:9
61  .  .  .  .  .  .  .  .  .  .  .  Name: "int"
62  .  .  .  .  .  .  .  .  .  .  }
63  .  .  .  .  .  .  .  .  .  .  Value: *ast.StarExpr {
64  .  .  .  .  .  .  .  .  .  .  .  Star: var.go:5:13
65  .  .  .  .  .  .  .  .  .  .  .  X: *ast.Ident {
66  .  .  .  .  .  .  .  .  .  .  .  .  NamePos: var.go:5:14
67  .  .  .  .  .  .  .  .  .  .  .  .  Name: "fooVar"
68  .  .  .  .  .  .  .  .  .  .  .  .  Obj: *(obj @ 16)
69  .  .  .  .  .  .  .  .  .  .  .  }
70  .  .  .  .  .  .  .  .  .  .  }
71  .  .  .  .  .  .  .  .  .  }
72  .  .  .  .  .  .  .  .  }
73  .  .  .  .  .  .  .  }
74  .  .  .  .  .  .  .  Closing: var.go:6:1
75  .  .  .  .  .  .  }
76  .  .  .  .  .  .  Incomplete: false
77  .  .  .  .  .  }
78  .  .  .  .  }
79  .  .  .  }
80  .  .  .  Rparen: -
81  .  .  }
82  .  .  1: *ast.GenDecl {
83  .  .  .  TokPos: var.go:8:1
84  .  .  .  Tok: type
85  .  .  .  Lparen: var.go:8:6
86  .  .  .  Specs: []ast.Spec (len = 2) {
87  .  .  .  .  0: *ast.TypeSpec {
88  .  .  .  .  .  Name: *ast.Ident {
89  .  .  .  .  .  .  NamePos: var.go:9:2
90  .  .  .  .  .  .  Name: "aFoo"
91  .  .  .  .  .  .  Obj: *ast.Object {
92  .  .  .  .  .  .  .  Kind: type
93  .  .  .  .  .  .  .  Name: "aFoo"
94  .  .  .  .  .  .  .  Decl: *(obj @ 87)
95  .  .  .  .  .  .  }
96  .  .  .  .  .  }
97  .  .  .  .  .  Assign: -
98  .  .  .  .  .  Type: *ast.Ident {
99  .  .  .  .  .  .  NamePos: var.go:9:8
100  .  .  .  .  .  .  Name: "fooVar"
101  .  .  .  .  .  .  Obj: *(obj @ 16)
102  .  .  .  .  .  }
103  .  .  .  .  }
104  .  .  .  .  1: *ast.TypeSpec {
105  .  .  .  .  .  Name: *ast.Ident {
106  .  .  .  .  .  .  NamePos: var.go:10:2
107  .  .  .  .  .  .  Name: "myInt"
108  .  .  .  .  .  .  Obj: *ast.Object {
109  .  .  .  .  .  .  .  Kind: type
110  .  .  .  .  .  .  .  Name: "myInt"
111  .  .  .  .  .  .  .  Decl: *(obj @ 104)
112  .  .  .  .  .  .  }
113  .  .  .  .  .  }
114  .  .  .  .  .  Assign: -
115  .  .  .  .  .  Type: *ast.Ident {
116  .  .  .  .  .  .  NamePos: var.go:10:8
117  .  .  .  .  .  .  Name: "int"
118  .  .  .  .  .  }
119  .  .  .  .  }
120  .  .  .  }
121  .  .  .  Rparen: var.go:11:1
122  .  .  }
123  .  .  2: *ast.FuncDecl {
124  .  .  .  Name: *ast.Ident {
125  .  .  .  .  NamePos: var.go:13:6
126  .  .  .  .  Name: "newFooVar"
127  .  .  .  .  Obj: *ast.Object {
128  .  .  .  .  .  Kind: func
129  .  .  .  .  .  Name: "newFooVar"
130  .  .  .  .  .  Decl: *(obj @ 123)
131  .  .  .  .  }
132  .  .  .  }
133  .  .  .  Type: *ast.FuncType {
134  .  .  .  .  Func: var.go:13:1
135  .  .  .  .  Params: *ast.FieldList {
136  .  .  .  .  .  Opening: var.go:13:15
137  .  .  .  .  .  Closing: var.go:13:16
138  .  .  .  .  }
139  .  .  .  .  Results: *ast.FieldList {
140  .  .  .  .  .  Opening: -
141  .  .  .  .  .  List: []*ast.Field (len = 1) {
142  .  .  .  .  .  .  0: *ast.Field {
143  .  .  .  .  .  .  .  Type: *ast.StarExpr {
144  .  .  .  .  .  .  .  .  Star: var.go:13:18
145  .  .  .  .  .  .  .  .  X: *ast.Ident {
146  .  .  .  .  .  .  .  .  .  NamePos: var.go:13:19
147  .  .  .  .  .  .  .  .  .  Name: "fooVar"
148  .  .  .  .  .  .  .  .  .  Obj: *(obj @ 16)
149  .  .  .  .  .  .  .  .  }
150  .  .  .  .  .  .  .  }
151  .  .  .  .  .  .  }
152  .  .  .  .  .  }
153  .  .  .  .  .  Closing: -
154  .  .  .  .  }
155  .  .  .  }
156  .  .  .  Body: *ast.BlockStmt {
157  .  .  .  .  Lbrace: var.go:13:26
158  .  .  .  .  List: []ast.Stmt (len = 1) {
159  .  .  .  .  .  0: *ast.ReturnStmt {
160  .  .  .  .  .  .  Return: var.go:14:2
161  .  .  .  .  .  .  Results: []ast.Expr (len = 1) {
162  .  .  .  .  .  .  .  0: *ast.UnaryExpr {
163  .  .  .  .  .  .  .  .  OpPos: var.go:14:9
164  .  .  .  .  .  .  .  .  Op: &
165  .  .  .  .  .  .  .  .  X: *ast.CompositeLit {
166  .  .  .  .  .  .  .  .  .  Type: *ast.Ident {
167  .  .  .  .  .  .  .  .  .  .  NamePos: var.go:14:10
168  .  .  .  .  .  .  .  .  .  .  Name: "fooVar"
169  .  .  .  .  .  .  .  .  .  .  Obj: *(obj @ 16)
170  .  .  .  .  .  .  .  .  .  }
171  .  .  .  .  .  .  .  .  .  Lbrace: var.go:14:16
172  .  .  .  .  .  .  .  .  .  Rbrace: var.go:14:17
173  .  .  .  .  .  .  .  .  .  Incomplete: false
174  .  .  .  .  .  .  .  .  }
175  .  .  .  .  .  .  .  }
176  .  .  .  .  .  .  }
177  .  .  .  .  .  }
178  .  .  .  .  }
179  .  .  .  .  Rbrace: var.go:15:1
180  .  .  .  }
181  .  .  }
182  .  .  3: *ast.FuncDecl {
183  .  .  .  Name: *ast.Ident {
184  .  .  .  .  NamePos: var.go:17:6
185  .  .  .  .  Name: "get"
186  .  .  .  .  Obj: *ast.Object {
187  .  .  .  .  .  Kind: func
188  .  .  .  .  .  Name: "get"
189  .  .  .  .  .  Decl: *(obj @ 182)
190  .  .  .  .  }
191  .  .  .  }
192  .  .  .  Type: *ast.FuncType {
193  .  .  .  .  Func: var.go:17:1
194  .  .  .  .  Params: *ast.FieldList {
195  .  .  .  .  .  Opening: var.go:17:9
196  .  .  .  .  .  Closing: var.go:17:10
197  .  .  .  .  }
198  .  .  .  .  Results: *ast.FieldList {
199  .  .  .  .  .  Opening: -
200  .  .  .  .  .  List: []*ast.Field (len = 1) {
201  .  .  .  .  .  .  0: *ast.Field {
202  .  .  .  .  .  .  .  Type: *ast.Ident {
203  .  .  .  .  .  .  .  .  NamePos: var.go:17:12
204  .  .  .  .  .  .  .  .  Name: "int"
205  .  .  .  .  .  .  .  }
206  .  .  .  .  .  .  }
207  .  .  .  .  .  }
208  .  .  .  .  .  Closing: -
209  .  .  .  .  }
210  .  .  .  }
211  .  .  .  Body: *ast.BlockStmt {
212  .  .  .  .  Lbrace: var.go:17:16
213  .  .  .  .  List: []ast.Stmt (len = 1) {
214  .  .  .  .  .  0: *ast.ReturnStmt {
215  .  .  .  .  .  .  Return: var.go:18:2
216  .  .  .  .  .  .  Results: []ast.Expr (len = 1) {
217  .  .  .  .  .  .  .  0: *ast.BasicLit {
218  .  .  .  .  .  .  .  .  ValuePos: var.go:18:9
219  .  .  .  .  .  .  .  .  Kind: INT
220  .  .  .  .  .  .  .  .  Value: "1"
221  .  .  .  .  .  .  .  }
222  .  .  .  .  .  .  }
223  .  .  .  .  .  }
224  .  .  .  .  }
225  .  .  .  .  Rbrace: var.go:19:1
226  .  .  .  }
227  .  .  }
228  .  .  4: *ast.FuncDecl {
229  .  .  .  Name: *ast.Ident {
230  .  .  .  .  NamePos: var.go:21:6
231  .  .  .  .  Name: "call"
232  .  .  .  .  Obj: *ast.Object {
233  .  .  .  .  .  Kind: func
234  .  .  .  .  .  Name: "call"
235  .  .  .  .  .  Decl: *(obj @ 228)
236  .  .  .  .  }
237  .  .  .  }
238  .  .  .  Type: *ast.FuncType {
239  .  .  .  .  Func: var.go:21:1
240  .  .  .  .  Params: *ast.FieldList {
241  .  .  .  .  .  Opening: var.go:21:10
242  .  .  .  .  .  List: []*ast.Field (len = 1) {
243  .  .  .  .  .  .  0: *ast.Field {
244  .  .  .  .  .  .  .  Type: *ast.Ellipsis {
245  .  .  .  .  .  .  .  .  Ellipsis: var.go:21:11
246  .  .  .  .  .  .  .  .  Elt: *ast.Ident {
247  .  .  .  .  .  .  .  .  .  NamePos: var.go:21:14
248  .  .  .  .  .  .  .  .  .  Name: "any"
249  .  .  .  .  .  .  .  .  }
250  .  .  .  .  .  .  .  }
251  .  .  .  .  .  .  }
252  .  .  .  .  .  }
253  .  .  .  .  .  Closing: var.go:21:17
254  .  .  .  .  }
255  .  .  .  }
256  .  .  .  Body: *ast.BlockStmt {
257  .  .  .  .  Lbrace: var.go:21:19
258  .  .  .  .  Rbrace: var.go:23:1
259  .  .  .  }
260  .  .  }
261  .  .  5: *ast.FuncDecl {
262  .  .  .  Recv: *ast.FieldList {
263  .  .  .  .  Opening: var.go:25:6
264  .  .  .  .  List: []*ast.Field (len = 1) {
265  .  .  .  .  .  0: *ast.Field {
266  .  .  .  .  .  .  Names: []*ast.Ident (len = 1) {
267  .  .  .  .  .  .  .  0: *ast.Ident {
268  .  .  .  .  .  .  .  .  NamePos: var.go:25:7
269  .  .  .  .  .  .  .  .  Name: "ff"
270  .  .  .  .  .  .  .  .  Obj: *ast.Object {
271  .  .  .  .  .  .  .  .  .  Kind: var
272  .  .  .  .  .  .  .  .  .  Name: "ff"
273  .  .  .  .  .  .  .  .  .  Decl: *(obj @ 265)
274  .  .  .  .  .  .  .  .  }
275  .  .  .  .  .  .  .  }
276  .  .  .  .  .  .  }
277  .  .  .  .  .  .  Type: *ast.Ident {
278  .  .  .  .  .  .  .  NamePos: var.go:25:10
279  .  .  .  .  .  .  .  Name: "fooVar"
280  .  .  .  .  .  .  .  Obj: *(obj @ 16)
281  .  .  .  .  .  .  }
282  .  .  .  .  .  }
283  .  .  .  .  }
284  .  .  .  .  Closing: var.go:25:16
285  .  .  .  }
286  .  .  .  Name: *ast.Ident {
287  .  .  .  .  NamePos: var.go:25:18
288  .  .  .  .  Name: "get"
289  .  .  .  }
290  .  .  .  Type: *ast.FuncType {
291  .  .  .  .  Func: var.go:25:1
292  .  .  .  .  Params: *ast.FieldList {
293  .  .  .  .  .  Opening: var.go:25:21
294  .  .  .  .  .  Closing: var.go:25:22
295  .  .  .  .  }
296  .  .  .  .  Results: *ast.FieldList {
297  .  .  .  .  .  Opening: -
298  .  .  .  .  .  List: []*ast.Field (len = 1) {
299  .  .  .  .  .  .  0: *ast.Field {
300  .  .  .  .  .  .  .  Type: *ast.Ident {
301  .  .  .  .  .  .  .  .  NamePos: var.go:25:24
302  .  .  .  .  .  .  .  .  Name: "int"
303  .  .  .  .  .  .  .  }
304  .  .  .  .  .  .  }
305  .  .  .  .  .  }
306  .  .  .  .  .  Closing: -
307  .  .  .  .  }
308  .  .  .  }
309  .  .  .  Body: *ast.BlockStmt {
310  .  .  .  .  Lbrace: var.go:25:28
311  .  .  .  .  List: []ast.Stmt (len = 1) {
312  .  .  .  .  .  0: *ast.ReturnStmt {
313  .  .  .  .  .  .  Return: var.go:26:2
314  .  .  .  .  .  .  Results: []ast.Expr (len = 1) {
315  .  .  .  .  .  .  .  0: *ast.BasicLit {
316  .  .  .  .  .  .  .  .  ValuePos: var.go:26:9
317  .  .  .  .  .  .  .  .  Kind: INT
318  .  .  .  .  .  .  .  .  Value: "0"
319  .  .  .  .  .  .  .  }
320  .  .  .  .  .  .  }
321  .  .  .  .  .  }
322  .  .  .  .  }
323  .  .  .  .  Rbrace: var.go:27:1
324  .  .  .  }
325  .  .  }
326  .  .  6: *ast.FuncDecl {
327  .  .  .  Recv: *ast.FieldList {
328  .  .  .  .  Opening: var.go:29:6
329  .  .  .  .  List: []*ast.Field (len = 1) {
330  .  .  .  .  .  0: *ast.Field {
331  .  .  .  .  .  .  Names: []*ast.Ident (len = 1) {
332  .  .  .  .  .  .  .  0: *ast.Ident {
333  .  .  .  .  .  .  .  .  NamePos: var.go:29:7
334  .  .  .  .  .  .  .  .  Name: "ff"
335  .  .  .  .  .  .  .  .  Obj: *ast.Object {
336  .  .  .  .  .  .  .  .  .  Kind: var
337  .  .  .  .  .  .  .  .  .  Name: "ff"
338  .  .  .  .  .  .  .  .  .  Decl: *(obj @ 330)
339  .  .  .  .  .  .  .  .  }
340  .  .  .  .  .  .  .  }
341  .  .  .  .  .  .  }
342  .  .  .  .  .  .  Type: *ast.Ident {
343  .  .  .  .  .  .  .  NamePos: var.go:29:10
344  .  .  .  .  .  .  .  Name: "fooVar"
345  .  .  .  .  .  .  .  Obj: *(obj @ 16)
346  .  .  .  .  .  .  }
347  .  .  .  .  .  }
348  .  .  .  .  }
349  .  .  .  .  Closing: var.go:29:16
350  .  .  .  }
351  .  .  .  Name: *ast.Ident {
352  .  .  .  .  NamePos: var.go:29:18
353  .  .  .  .  Name: "getMM"
354  .  .  .  }
355  .  .  .  Type: *ast.FuncType {
356  .  .  .  .  Func: var.go:29:1
357  .  .  .  .  Params: *ast.FieldList {
358  .  .  .  .  .  Opening: var.go:29:23
359  .  .  .  .  .  Closing: var.go:29:24
360  .  .  .  .  }
361  .  .  .  .  Results: *ast.FieldList {
362  .  .  .  .  .  Opening: -
363  .  .  .  .  .  List: []*ast.Field (len = 1) {
364  .  .  .  .  .  .  0: *ast.Field {
365  .  .  .  .  .  .  .  Type: *ast.MapType {
366  .  .  .  .  .  .  .  .  Map: var.go:29:26
367  .  .  .  .  .  .  .  .  Key: *ast.Ident {
368  .  .  .  .  .  .  .  .  .  NamePos: var.go:29:30
369  .  .  .  .  .  .  .  .  .  Name: "int"
370  .  .  .  .  .  .  .  .  }
371  .  .  .  .  .  .  .  .  Value: *ast.StarExpr {
372  .  .  .  .  .  .  .  .  .  Star: var.go:29:34
373  .  .  .  .  .  .  .  .  .  X: *ast.Ident {
374  .  .  .  .  .  .  .  .  .  .  NamePos: var.go:29:35
375  .  .  .  .  .  .  .  .  .  .  Name: "fooVar"
376  .  .  .  .  .  .  .  .  .  .  Obj: *(obj @ 16)
377  .  .  .  .  .  .  .  .  .  }
378  .  .  .  .  .  .  .  .  }
379  .  .  .  .  .  .  .  }
380  .  .  .  .  .  .  }
381  .  .  .  .  .  }
382  .  .  .  .  .  Closing: -
383  .  .  .  .  }
384  .  .  .  }
385  .  .  .  Body: *ast.BlockStmt {
386  .  .  .  .  Lbrace: var.go:29:42
387  .  .  .  .  List: []ast.Stmt (len = 1) {
388  .  .  .  .  .  0: *ast.ReturnStmt {
389  .  .  .  .  .  .  Return: var.go:30:2
390  .  .  .  .  .  .  Results: []ast.Expr (len = 1) {
391  .  .  .  .  .  .  .  0: *ast.SelectorExpr {
392  .  .  .  .  .  .  .  .  X: *ast.Ident {
393  .  .  .  .  .  .  .  .  .  NamePos: var.go:30:9
394  .  .  .  .  .  .  .  .  .  Name: "ff"
395  .  .  .  .  .  .  .  .  .  Obj: *(obj @ 335)
396  .  .  .  .  .  .  .  .  }
397  .  .  .  .  .  .  .  .  Sel: *ast.Ident {
398  .  .  .  .  .  .  .  .  .  NamePos: var.go:30:12
399  .  .  .  .  .  .  .  .  .  Name: "mm"
400  .  .  .  .  .  .  .  .  }
401  .  .  .  .  .  .  .  }
402  .  .  .  .  .  .  }
403  .  .  .  .  .  }
404  .  .  .  .  }
405  .  .  .  .  Rbrace: var.go:31:1
406  .  .  .  }
407  .  .  }
408  .  .  7: *ast.FuncDecl {
409  .  .  .  Recv: *ast.FieldList {
410  .  .  .  .  Opening: var.go:33:6
411  .  .  .  .  List: []*ast.Field (len = 1) {
412  .  .  .  .  .  0: *ast.Field {
413  .  .  .  .  .  .  Names: []*ast.Ident (len = 1) {
414  .  .  .  .  .  .  .  0: *ast.Ident {
415  .  .  .  .  .  .  .  .  NamePos: var.go:33:7
416  .  .  .  .  .  .  .  .  Name: "ff"
417  .  .  .  .  .  .  .  .  Obj: *ast.Object {
418  .  .  .  .  .  .  .  .  .  Kind: var
419  .  .  .  .  .  .  .  .  .  Name: "ff"
420  .  .  .  .  .  .  .  .  .  Decl: *(obj @ 412)
421  .  .  .  .  .  .  .  .  }
422  .  .  .  .  .  .  .  }
423  .  .  .  .  .  .  }
424  .  .  .  .  .  .  Type: *ast.Ident {
425  .  .  .  .  .  .  .  NamePos: var.go:33:10
426  .  .  .  .  .  .  .  Name: "fooVar"
427  .  .  .  .  .  .  .  Obj: *(obj @ 16)
428  .  .  .  .  .  .  }
429  .  .  .  .  .  }
430  .  .  .  .  }
431  .  .  .  .  Closing: var.go:33:16
432  .  .  .  }
433  .  .  .  Name: *ast.Ident {
434  .  .  .  .  NamePos: var.go:33:18
435  .  .  .  .  Name: "getMulti"
436  .  .  .  }
437  .  .  .  Type: *ast.FuncType {
438  .  .  .  .  Func: var.go:33:1
439  .  .  .  .  Params: *ast.FieldList {
440  .  .  .  .  .  Opening: var.go:33:26
441  .  .  .  .  .  Closing: var.go:33:27
442  .  .  .  .  }
443  .  .  .  .  Results: *ast.FieldList {
444  .  .  .  .  .  Opening: var.go:33:29
445  .  .  .  .  .  List: []*ast.Field (len = 2) {
446  .  .  .  .  .  .  0: *ast.Field {
447  .  .  .  .  .  .  .  Type: *ast.Ident {
448  .  .  .  .  .  .  .  .  NamePos: var.go:33:30
449  .  .  .  .  .  .  .  .  Name: "int"
450  .  .  .  .  .  .  .  }
451  .  .  .  .  .  .  }
452  .  .  .  .  .  .  1: *ast.Field {
453  .  .  .  .  .  .  .  Type: *ast.Ident {
454  .  .  .  .  .  .  .  .  NamePos: var.go:33:35
455  .  .  .  .  .  .  .  .  Name: "int"
456  .  .  .  .  .  .  .  }
457  .  .  .  .  .  .  }
458  .  .  .  .  .  }
459  .  .  .  .  .  Closing: var.go:33:38
460  .  .  .  .  }
461  .  .  .  }
462  .  .  .  Body: *ast.BlockStmt {
463  .  .  .  .  Lbrace: var.go:33:40
464  .  .  .  .  List: []ast.Stmt (len = 2) {
465  .  .  .  .  .  0: *ast.IfStmt {
466  .  .  .  .  .  .  If: var.go:34:2
467  .  .  .  .  .  .  Cond: *ast.BinaryExpr {
468  .  .  .  .  .  .  .  X: *ast.SelectorExpr {
469  .  .  .  .  .  .  .  .  X: *ast.Ident {
470  .  .  .  .  .  .  .  .  .  NamePos: var.go:34:5
471  .  .  .  .  .  .  .  .  .  Name: "ff"
472  .  .  .  .  .  .  .  .  .  Obj: *(obj @ 417)
473  .  .  .  .  .  .  .  .  }
474  .  .  .  .  .  .  .  .  Sel: *ast.Ident {
475  .  .  .  .  .  .  .  .  .  NamePos: var.go:34:8
476  .  .  .  .  .  .  .  .  .  Name: "mm"
477  .  .  .  .  .  .  .  .  }
478  .  .  .  .  .  .  .  }
479  .  .  .  .  .  .  .  OpPos: var.go:34:11
480  .  .  .  .  .  .  .  Op: ==
481  .  .  .  .  .  .  .  Y: *ast.Ident {
482  .  .  .  .  .  .  .  .  NamePos: var.go:34:14
483  .  .  .  .  .  .  .  .  Name: "nil"
484  .  .  .  .  .  .  .  }
485  .  .  .  .  .  .  }
486  .  .  .  .  .  .  Body: *ast.BlockStmt {
487  .  .  .  .  .  .  .  Lbrace: var.go:34:18
488  .  .  .  .  .  .  .  List: []ast.Stmt (len = 1) {
489  .  .  .  .  .  .  .  .  0: *ast.ReturnStmt {
490  .  .  .  .  .  .  .  .  .  Return: var.go:35:3
491  .  .  .  .  .  .  .  .  .  Results: []ast.Expr (len = 1) {
492  .  .  .  .  .  .  .  .  .  .  0: *ast.CallExpr {
493  .  .  .  .  .  .  .  .  .  .  .  Fun: *ast.SelectorExpr {
494  .  .  .  .  .  .  .  .  .  .  .  .  X: *ast.Ident {
495  .  .  .  .  .  .  .  .  .  .  .  .  .  NamePos: var.go:35:10
496  .  .  .  .  .  .  .  .  .  .  .  .  .  Name: "ff"
497  .  .  .  .  .  .  .  .  .  .  .  .  .  Obj: *(obj @ 417)
498  .  .  .  .  .  .  .  .  .  .  .  .  }
499  .  .  .  .  .  .  .  .  .  .  .  .  Sel: *ast.Ident {
500  .  .  .  .  .  .  .  .  .  .  .  .  .  NamePos: var.go:35:13
501  .  .  .  .  .  .  .  .  .  .  .  .  .  Name: "getMulti"
502  .  .  .  .  .  .  .  .  .  .  .  .  }
503  .  .  .  .  .  .  .  .  .  .  .  }
504  .  .  .  .  .  .  .  .  .  .  .  Lparen: var.go:35:21
505  .  .  .  .  .  .  .  .  .  .  .  Ellipsis: -
506  .  .  .  .  .  .  .  .  .  .  .  Rparen: var.go:35:22
507  .  .  .  .  .  .  .  .  .  .  }
508  .  .  .  .  .  .  .  .  .  }
509  .  .  .  .  .  .  .  .  }
510  .  .  .  .  .  .  .  }
511  .  .  .  .  .  .  .  Rbrace: var.go:36:2
512  .  .  .  .  .  .  }
513  .  .  .  .  .  }
514  .  .  .  .  .  1: *ast.ReturnStmt {
515  .  .  .  .  .  .  Return: var.go:37:2
516  .  .  .  .  .  .  Results: []ast.Expr (len = 2) {
517  .  .  .  .  .  .  .  0: *ast.BasicLit {
518  .  .  .  .  .  .  .  .  ValuePos: var.go:37:9
519  .  .  .  .  .  .  .  .  Kind: INT
520  .  .  .  .  .  .  .  .  Value: "0"
521  .  .  .  .  .  .  .  }
522  .  .  .  .  .  .  .  1: *ast.CallExpr {
523  .  .  .  .  .  .  .  .  Fun: *ast.SelectorExpr {
524  .  .  .  .  .  .  .  .  .  X: *ast.Ident {
525  .  .  .  .  .  .  .  .  .  .  NamePos: var.go:37:12
526  .  .  .  .  .  .  .  .  .  .  Name: "ff"
527  .  .  .  .  .  .  .  .  .  .  Obj: *(obj @ 417)
528  .  .  .  .  .  .  .  .  .  }
529  .  .  .  .  .  .  .  .  .  Sel: *ast.Ident {
530  .  .  .  .  .  .  .  .  .  .  NamePos: var.go:37:15
531  .  .  .  .  .  .  .  .  .  .  Name: "get"
532  .  .  .  .  .  .  .  .  .  }
533  .  .  .  .  .  .  .  .  }
534  .  .  .  .  .  .  .  .  Lparen: var.go:37:18
535  .  .  .  .  .  .  .  .  Ellipsis: -
536  .  .  .  .  .  .  .  .  Rparen: var.go:37:19
537  .  .  .  .  .  .  .  }
538  .  .  .  .  .  .  }
539  .  .  .  .  .  }
540  .  .  .  .  }
541  .  .  .  .  Rbrace: var.go:38:1
542  .  .  .  }
543  .  .  }
544  .  .  8: *ast.FuncDecl {
545  .  .  .  Recv: *ast.FieldList {
546  .  .  .  .  Opening: var.go:40:6
547  .  .  .  .  List: []*ast.Field (len = 1) {
548  .  .  .  .  .  0: *ast.Field {
549  .  .  .  .  .  .  Names: []*ast.Ident (len = 1) {
550  .  .  .  .  .  .  .  0: *ast.Ident {
551  .  .  .  .  .  .  .  .  NamePos: var.go:40:7
552  .  .  .  .  .  .  .  .  Name: "ff"
553  .  .  .  .  .  .  .  .  Obj: *ast.Object {
554  .  .  .  .  .  .  .  .  .  Kind: var
555  .  .  .  .  .  .  .  .  .  Name: "ff"
556  .  .  .  .  .  .  .  .  .  Decl: *(obj @ 548)
557  .  .  .  .  .  .  .  .  }
558  .  .  .  .  .  .  .  }
559  .  .  .  .  .  .  }
560  .  .  .  .  .  .  Type: *ast.StarExpr {
561  .  .  .  .  .  .  .  Star: var.go:40:10
562  .  .  .  .  .  .  .  X: *ast.Ident {
563  .  .  .  .  .  .  .  .  NamePos: var.go:40:11
564  .  .  .  .  .  .  .  .  Name: "fooVar"
565  .  .  .  .  .  .  .  .  Obj: *(obj @ 16)
566  .  .  .  .  .  .  .  }
567  .  .  .  .  .  .  }
568  .  .  .  .  .  }
569  .  .  .  .  }
570  .  .  .  .  Closing: var.go:40:17
571  .  .  .  }
572  .  .  .  Name: *ast.Ident {
573  .  .  .  .  NamePos: var.go:40:19
574  .  .  .  .  Name: "call"
575  .  .  .  }
576  .  .  .  Type: *ast.FuncType {
577  .  .  .  .  Func: var.go:40:1
578  .  .  .  .  Params: *ast.FieldList {
579  .  .  .  .  .  Opening: var.go:40:23
580  .  .  .  .  .  List: []*ast.Field (len = 3) {
581  .  .  .  .  .  .  0: *ast.Field {
582  .  .  .  .  .  .  .  Names: []*ast.Ident (len = 1) {
583  .  .  .  .  .  .  .  .  0: *ast.Ident {
584  .  .  .  .  .  .  .  .  .  NamePos: var.go:40:24
585  .  .  .  .  .  .  .  .  .  Name: "pp1"
586  .  .  .  .  .  .  .  .  .  Obj: *ast.Object {
587  .  .  .  .  .  .  .  .  .  .  Kind: var
588  .  .  .  .  .  .  .  .  .  .  Name: "pp1"
589  .  .  .  .  .  .  .  .  .  .  Decl: *(obj @ 581)
590  .  .  .  .  .  .  .  .  .  }
591  .  .  .  .  .  .  .  .  }
592  .  .  .  .  .  .  .  }
593  .  .  .  .  .  .  .  Type: *ast.Ident {
594  .  .  .  .  .  .  .  .  NamePos: var.go:40:28
595  .  .  .  .  .  .  .  .  Name: "int"
596  .  .  .  .  .  .  .  }
597  .  .  .  .  .  .  }
598  .  .  .  .  .  .  1: *ast.Field {
599  .  .  .  .  .  .  .  Names: []*ast.Ident (len = 1) {
600  .  .  .  .  .  .  .  .  0: *ast.Ident {
601  .  .  .  .  .  .  .  .  .  NamePos: var.go:40:33
602  .  .  .  .  .  .  .  .  .  Name: "pp2"
603  .  .  .  .  .  .  .  .  .  Obj: *ast.Object {
604  .  .  .  .  .  .  .  .  .  .  Kind: var
605  .  .  .  .  .  .  .  .  .  .  Name: "pp2"
606  .  .  .  .  .  .  .  .  .  .  Decl: *(obj @ 598)
607  .  .  .  .  .  .  .  .  .  }
608  .  .  .  .  .  .  .  .  }
609  .  .  .  .  .  .  .  }
610  .  .  .  .  .  .  .  Type: *ast.StarExpr {
611  .  .  .  .  .  .  .  .  Star: var.go:40:37
612  .  .  .  .  .  .  .  .  X: *ast.Ident {
613  .  .  .  .  .  .  .  .  .  NamePos: var.go:40:38
614  .  .  .  .  .  .  .  .  .  Name: "fooVar"
615  .  .  .  .  .  .  .  .  .  Obj: *(obj @ 16)
616  .  .  .  .  .  .  .  .  }
617  .  .  .  .  .  .  .  }
618  .  .  .  .  .  .  }
619  .  .  .  .  .  .  2: *ast.Field {
620  .  .  .  .  .  .  .  Names: []*ast.Ident (len = 1) {
621  .  .  .  .  .  .  .  .  0: *ast.Ident {
622  .  .  .  .  .  .  .  .  .  NamePos: var.go:40:46
623  .  .  .  .  .  .  .  .  .  Name: "pp3"
624  .  .  .  .  .  .  .  .  .  Obj: *ast.Object {
625  .  .  .  .  .  .  .  .  .  .  Kind: var
626  .  .  .  .  .  .  .  .  .  .  Name: "pp3"
627  .  .  .  .  .  .  .  .  .  .  Decl: *(obj @ 619)
628  .  .  .  .  .  .  .  .  .  }
629  .  .  .  .  .  .  .  .  }
630  .  .  .  .  .  .  .  }
631  .  .  .  .  .  .  .  Type: *ast.Ellipsis {
632  .  .  .  .  .  .  .  .  Ellipsis: var.go:40:50
633  .  .  .  .  .  .  .  .  Elt: *ast.Ident {
634  .  .  .  .  .  .  .  .  .  NamePos: var.go:40:53
635  .  .  .  .  .  .  .  .  .  Name: "string"
636  .  .  .  .  .  .  .  .  }
637  .  .  .  .  .  .  .  }
638  .  .  .  .  .  .  }
639  .  .  .  .  .  }
640  .  .  .  .  .  Closing: var.go:40:59
641  .  .  .  .  }
642  .  .  .  .  Results: *ast.FieldList {
643  .  .  .  .  .  Opening: var.go:40:61
644  .  .  .  .  .  List: []*ast.Field (len = 2) {
645  .  .  .  .  .  .  0: *ast.Field {
646  .  .  .  .  .  .  .  Names: []*ast.Ident (len = 1) {
647  .  .  .  .  .  .  .  .  0: *ast.Ident {
648  .  .  .  .  .  .  .  .  .  NamePos: var.go:40:62
649  .  .  .  .  .  .  .  .  .  Name: "rr1"
650  .  .  .  .  .  .  .  .  .  Obj: *ast.Object {
651  .  .  .  .  .  .  .  .  .  .  Kind: var
652  .  .  .  .  .  .  .  .  .  .  Name: "rr1"
653  .  .  .  .  .  .  .  .  .  .  Decl: *(obj @ 645)
654  .  .  .  .  .  .  .  .  .  }
655  .  .  .  .  .  .  .  .  }
656  .  .  .  .  .  .  .  }
657  .  .  .  .  .  .  .  Type: *ast.Ident {
658  .  .  .  .  .  .  .  .  NamePos: var.go:40:66
659  .  .  .  .  .  .  .  .  Name: "int"
660  .  .  .  .  .  .  .  }
661  .  .  .  .  .  .  }
662  .  .  .  .  .  .  1: *ast.Field {
663  .  .  .  .  .  .  .  Names: []*ast.Ident (len = 1) {
664  .  .  .  .  .  .  .  .  0: *ast.Ident {
665  .  .  .  .  .  .  .  .  .  NamePos: var.go:40:71
666  .  .  .  .  .  .  .  .  .  Name: "rr2"
667  .  .  .  .  .  .  .  .  .  Obj: *ast.Object {
668  .  .  .  .  .  .  .  .  .  .  Kind: var
669  .  .  .  .  .  .  .  .  .  .  Name: "rr2"
670  .  .  .  .  .  .  .  .  .  .  Decl: *(obj @ 662)
671  .  .  .  .  .  .  .  .  .  }
672  .  .  .  .  .  .  .  .  }
673  .  .  .  .  .  .  .  }
674  .  .  .  .  .  .  .  Type: *ast.Ident {
675  .  .  .  .  .  .  .  .  NamePos: var.go:40:75
676  .  .  .  .  .  .  .  .  Name: "string"
677  .  .  .  .  .  .  .  }
678  .  .  .  .  .  .  }
679  .  .  .  .  .  }
680  .  .  .  .  .  Closing: var.go:40:81
681  .  .  .  .  }
682  .  .  .  }
683  .  .  .  Body: *ast.BlockStmt {
684  .  .  .  .  Lbrace: var.go:40:83
685  .  .  .  .  List: []ast.Stmt (len = 28) {
686  .  .  .  .  .  0: *ast.AssignStmt {
687  .  .  .  .  .  .  Lhs: []ast.Expr (len = 1) {
688  .  .  .  .  .  .  .  0: *ast.Ident {
689  .  .  .  .  .  .  .  .  NamePos: var.go:42:2
690  .  .  .  .  .  .  .  .  Name: "fd0"
691  .  .  .  .  .  .  .  .  Obj: *ast.Object {
692  .  .  .  .  .  .  .  .  .  Kind: var
693  .  .  .  .  .  .  .  .  .  Name: "fd0"
694  .  .  .  .  .  .  .  .  .  Decl: *(obj @ 686)
695  .  .  .  .  .  .  .  .  }
696  .  .  .  .  .  .  .  }
697  .  .  .  .  .  .  }
698  .  .  .  .  .  .  TokPos: var.go:42:6
699  .  .  .  .  .  .  Tok: :=
700  .  .  .  .  .  .  Rhs: []ast.Expr (len = 1) {
701  .  .  .  .  .  .  .  0: *ast.Ident {
702  .  .  .  .  .  .  .  .  NamePos: var.go:42:9
703  .  .  .  .  .  .  .  .  Name: "ff"
704  .  .  .  .  .  .  .  .  Obj: *(obj @ 553)
705  .  .  .  .  .  .  .  }
706  .  .  .  .  .  .  }
707  .  .  .  .  .  }
708  .  .  .  .  .  1: *ast.AssignStmt {
709  .  .  .  .  .  .  Lhs: []ast.Expr (len = 1) {
710  .  .  .  .  .  .  .  0: *ast.Ident {
711  .  .  .  .  .  .  .  .  NamePos: var.go:43:2
712  .  .  .  .  .  .  .  .  Name: "fd1"
713  .  .  .  .  .  .  .  .  Obj: *ast.Object {
714  .  .  .  .  .  .  .  .  .  Kind: var
715  .  .  .  .  .  .  .  .  .  Name: "fd1"
716  .  .  .  .  .  .  .  .  .  Decl: *(obj @ 708)
717  .  .  .  .  .  .  .  .  }
718  .  .  .  .  .  .  .  }
719  .  .  .  .  .  .  }
720  .  .  .  .  .  .  TokPos: var.go:43:6
721  .  .  .  .  .  .  Tok: :=
722  .  .  .  .  .  .  Rhs: []ast.Expr (len = 1) {
723  .  .  .  .  .  .  .  0: *ast.SelectorExpr {
724  .  .  .  .  .  .  .  .  X: *ast.Ident {
725  .  .  .  .  .  .  .  .  .  NamePos: var.go:43:9
726  .  .  .  .  .  .  .  .  .  Name: "ff"
727  .  .  .  .  .  .  .  .  .  Obj: *(obj @ 553)
728  .  .  .  .  .  .  .  .  }
729  .  .  .  .  .  .  .  .  Sel: *ast.Ident {
730  .  .  .  .  .  .  .  .  .  NamePos: var.go:43:12
731  .  .  .  .  .  .  .  .  .  Name: "m"
732  .  .  .  .  .  .  .  .  }
733  .  .  .  .  .  .  .  }
734  .  .  .  .  .  .  }
735  .  .  .  .  .  }
736  .  .  .  .  .  2: *ast.AssignStmt {
737  .  .  .  .  .  .  Lhs: []ast.Expr (len = 1) {
738  .  .  .  .  .  .  .  0: *ast.Ident {
739  .  .  .  .  .  .  .  .  NamePos: var.go:46:2
740  .  .  .  .  .  .  .  .  Name: "as0"
741  .  .  .  .  .  .  .  .  Obj: *ast.Object {
742  .  .  .  .  .  .  .  .  .  Kind: var
743  .  .  .  .  .  .  .  .  .  Name: "as0"
744  .  .  .  .  .  .  .  .  .  Decl: *(obj @ 736)
745  .  .  .  .  .  .  .  .  }
746  .  .  .  .  .  .  .  }
747  .  .  .  .  .  .  }
748  .  .  .  .  .  .  TokPos: var.go:46:6
749  .  .  .  .  .  .  Tok: :=
750  .  .  .  .  .  .  Rhs: []ast.Expr (len = 1) {
751  .  .  .  .  .  .  .  0: *ast.BasicLit {
752  .  .  .  .  .  .  .  .  ValuePos: var.go:46:9
753  .  .  .  .  .  .  .  .  Kind: INT
754  .  .  .  .  .  .  .  .  Value: "1"
755  .  .  .  .  .  .  .  }
756  .  .  .  .  .  .  }
757  .  .  .  .  .  }
758  .  .  .  .  .  3: *ast.AssignStmt {
759  .  .  .  .  .  .  Lhs: []ast.Expr (len = 1) {
760  .  .  .  .  .  .  .  0: *ast.Ident {
761  .  .  .  .  .  .  .  .  NamePos: var.go:47:2
762  .  .  .  .  .  .  .  .  Name: "as1"
763  .  .  .  .  .  .  .  .  Obj: *ast.Object {
764  .  .  .  .  .  .  .  .  .  Kind: var
765  .  .  .  .  .  .  .  .  .  Name: "as1"
766  .  .  .  .  .  .  .  .  .  Decl: *(obj @ 758)
767  .  .  .  .  .  .  .  .  }
768  .  .  .  .  .  .  .  }
769  .  .  .  .  .  .  }
770  .  .  .  .  .  .  TokPos: var.go:47:6
771  .  .  .  .  .  .  Tok: :=
772  .  .  .  .  .  .  Rhs: []ast.Expr (len = 1) {
773  .  .  .  .  .  .  .  0: *ast.CompositeLit {
774  .  .  .  .  .  .  .  .  Type: *ast.Ident {
775  .  .  .  .  .  .  .  .  .  NamePos: var.go:47:9
776  .  .  .  .  .  .  .  .  .  Name: "fooVar"
777  .  .  .  .  .  .  .  .  .  Obj: *(obj @ 16)
778  .  .  .  .  .  .  .  .  }
779  .  .  .  .  .  .  .  .  Lbrace: var.go:47:15
780  .  .  .  .  .  .  .  .  Rbrace: var.go:47:16
781  .  .  .  .  .  .  .  .  Incomplete: false
782  .  .  .  .  .  .  .  }
783  .  .  .  .  .  .  }
784  .  .  .  .  .  }
785  .  .  .  .  .  4: *ast.AssignStmt {
786  .  .  .  .  .  .  Lhs: []ast.Expr (len = 1) {
787  .  .  .  .  .  .  .  0: *ast.Ident {
788  .  .  .  .  .  .  .  .  NamePos: var.go:48:2
789  .  .  .  .  .  .  .  .  Name: "as2"
790  .  .  .  .  .  .  .  .  Obj: *ast.Object {
791  .  .  .  .  .  .  .  .  .  Kind: var
792  .  .  .  .  .  .  .  .  .  Name: "as2"
793  .  .  .  .  .  .  .  .  .  Decl: *(obj @ 785)
794  .  .  .  .  .  .  .  .  }
795  .  .  .  .  .  .  .  }
796  .  .  .  .  .  .  }
797  .  .  .  .  .  .  TokPos: var.go:48:6
798  .  .  .  .  .  .  Tok: :=
799  .  .  .  .  .  .  Rhs: []ast.Expr (len = 1) {
800  .  .  .  .  .  .  .  0: *ast.Ident {
801  .  .  .  .  .  .  .  .  NamePos: var.go:48:9
802  .  .  .  .  .  .  .  .  Name: "pp1"
803  .  .  .  .  .  .  .  .  Obj: *(obj @ 586)
804  .  .  .  .  .  .  .  }
805  .  .  .  .  .  .  }
806  .  .  .  .  .  }
807  .  .  .  .  .  5: *ast.AssignStmt {
808  .  .  .  .  .  .  Lhs: []ast.Expr (len = 1) {
809  .  .  .  .  .  .  .  0: *ast.Ident {
810  .  .  .  .  .  .  .  .  NamePos: var.go:49:2
811  .  .  .  .  .  .  .  .  Name: "as3"
812  .  .  .  .  .  .  .  .  Obj: *ast.Object {
813  .  .  .  .  .  .  .  .  .  Kind: var
814  .  .  .  .  .  .  .  .  .  Name: "as3"
815  .  .  .  .  .  .  .  .  .  Decl: *(obj @ 807)
816  .  .  .  .  .  .  .  .  }
817  .  .  .  .  .  .  .  }
818  .  .  .  .  .  .  }
819  .  .  .  .  .  .  TokPos: var.go:49:6
820  .  .  .  .  .  .  Tok: :=
821  .  .  .  .  .  .  Rhs: []ast.Expr (len = 1) {
822  .  .  .  .  .  .  .  0: *ast.UnaryExpr {
823  .  .  .  .  .  .  .  .  OpPos: var.go:49:9
824  .  .  .  .  .  .  .  .  Op: &
825  .  .  .  .  .  .  .  .  X: *ast.CompositeLit {
826  .  .  .  .  .  .  .  .  .  Type: *ast.Ident {
827  .  .  .  .  .  .  .  .  .  .  NamePos: var.go:49:10
828  .  .  .  .  .  .  .  .  .  .  Name: "fooVar"
829  .  .  .  .  .  .  .  .  .  .  Obj: *(obj @ 16)
830  .  .  .  .  .  .  .  .  .  }
831  .  .  .  .  .  .  .  .  .  Lbrace: var.go:49:16
832  .  .  .  .  .  .  .  .  .  Rbrace: var.go:49:17
833  .  .  .  .  .  .  .  .  .  Incomplete: false
834  .  .  .  .  .  .  .  .  }
835  .  .  .  .  .  .  .  }
836  .  .  .  .  .  .  }
837  .  .  .  .  .  }
838  .  .  .  .  .  6: *ast.AssignStmt {
839  .  .  .  .  .  .  Lhs: []ast.Expr (len = 1) {
840  .  .  .  .  .  .  .  0: *ast.Ident {
841  .  .  .  .  .  .  .  .  NamePos: var.go:50:2
842  .  .  .  .  .  .  .  .  Name: "as4"
843  .  .  .  .  .  .  .  .  Obj: *ast.Object {
844  .  .  .  .  .  .  .  .  .  Kind: var
845  .  .  .  .  .  .  .  .  .  Name: "as4"
846  .  .  .  .  .  .  .  .  .  Decl: *(obj @ 838)
847  .  .  .  .  .  .  .  .  }
848  .  .  .  .  .  .  .  }
849  .  .  .  .  .  .  }
850  .  .  .  .  .  .  TokPos: var.go:50:6
851  .  .  .  .  .  .  Tok: :=
852  .  .  .  .  .  .  Rhs: []ast.Expr (len = 1) {
853  .  .  .  .  .  .  .  0: *ast.CallExpr {
854  .  .  .  .  .  .  .  .  Fun: *ast.SelectorExpr {
855  .  .  .  .  .  .  .  .  .  X: *ast.Ident {
856  .  .  .  .  .  .  .  .  .  .  NamePos: var.go:50:9
857  .  .  .  .  .  .  .  .  .  .  Name: "ff"
858  .  .  .  .  .  .  .  .  .  .  Obj: *(obj @ 553)
859  .  .  .  .  .  .  .  .  .  }
860  .  .  .  .  .  .  .  .  .  Sel: *ast.Ident {
861  .  .  .  .  .  .  .  .  .  .  NamePos: var.go:50:12
862  .  .  .  .  .  .  .  .  .  .  Name: "get"
863  .  .  .  .  .  .  .  .  .  }
864  .  .  .  .  .  .  .  .  }
865  .  .  .  .  .  .  .  .  Lparen: var.go:50:15
866  .  .  .  .  .  .  .  .  Ellipsis: -
867  .  .  .  .  .  .  .  .  Rparen: var.go:50:16
868  .  .  .  .  .  .  .  }
869  .  .  .  .  .  .  }
870  .  .  .  .  .  }
871  .  .  .  .  .  7: *ast.AssignStmt {
872  .  .  .  .  .  .  Lhs: []ast.Expr (len = 1) {
873  .  .  .  .  .  .  .  0: *ast.Ident {
874  .  .  .  .  .  .  .  .  NamePos: var.go:51:2
875  .  .  .  .  .  .  .  .  Name: "as5"
876  .  .  .  .  .  .  .  .  Obj: *ast.Object {
877  .  .  .  .  .  .  .  .  .  Kind: var
878  .  .  .  .  .  .  .  .  .  Name: "as5"
879  .  .  .  .  .  .  .  .  .  Decl: *(obj @ 871)
880  .  .  .  .  .  .  .  .  }
881  .  .  .  .  .  .  .  }
882  .  .  .  .  .  .  }
883  .  .  .  .  .  .  TokPos: var.go:51:6
884  .  .  .  .  .  .  Tok: :=
885  .  .  .  .  .  .  Rhs: []ast.Expr (len = 1) {
886  .  .  .  .  .  .  .  0: *ast.SelectorExpr {
887  .  .  .  .  .  .  .  .  X: *ast.Ident {
888  .  .  .  .  .  .  .  .  .  NamePos: var.go:51:9
889  .  .  .  .  .  .  .  .  .  Name: "ff"
890  .  .  .  .  .  .  .  .  .  Obj: *(obj @ 553)
891  .  .  .  .  .  .  .  .  }
892  .  .  .  .  .  .  .  .  Sel: *ast.Ident {
893  .  .  .  .  .  .  .  .  .  NamePos: var.go:51:12
894  .  .  .  .  .  .  .  .  .  Name: "m"
895  .  .  .  .  .  .  .  .  }
896  .  .  .  .  .  .  .  }
897  .  .  .  .  .  .  }
898  .  .  .  .  .  }
899  .  .  .  .  .  8: *ast.AssignStmt {
900  .  .  .  .  .  .  Lhs: []ast.Expr (len = 1) {
901  .  .  .  .  .  .  .  0: *ast.Ident {
902  .  .  .  .  .  .  .  .  NamePos: var.go:52:2
903  .  .  .  .  .  .  .  .  Name: "as6"
904  .  .  .  .  .  .  .  .  Obj: *ast.Object {
905  .  .  .  .  .  .  .  .  .  Kind: var
906  .  .  .  .  .  .  .  .  .  Name: "as6"
907  .  .  .  .  .  .  .  .  .  Decl: *(obj @ 899)
908  .  .  .  .  .  .  .  .  }
909  .  .  .  .  .  .  .  }
910  .  .  .  .  .  .  }
911  .  .  .  .  .  .  TokPos: var.go:52:6
912  .  .  .  .  .  .  Tok: :=
913  .  .  .  .  .  .  Rhs: []ast.Expr (len = 1) {
914  .  .  .  .  .  .  .  0: *ast.CallExpr {
915  .  .  .  .  .  .  .  .  Fun: *ast.Ident {
916  .  .  .  .  .  .  .  .  .  NamePos: var.go:52:9
917  .  .  .  .  .  .  .  .  .  Name: "get"
918  .  .  .  .  .  .  .  .  .  Obj: *(obj @ 186)
919  .  .  .  .  .  .  .  .  }
920  .  .  .  .  .  .  .  .  Lparen: var.go:52:12
921  .  .  .  .  .  .  .  .  Ellipsis: -
922  .  .  .  .  .  .  .  .  Rparen: var.go:52:13
923  .  .  .  .  .  .  .  }
924  .  .  .  .  .  .  }
925  .  .  .  .  .  }
926  .  .  .  .  .  9: *ast.AssignStmt {
927  .  .  .  .  .  .  Lhs: []ast.Expr (len = 1) {
928  .  .  .  .  .  .  .  0: *ast.Ident {
929  .  .  .  .  .  .  .  .  NamePos: var.go:53:2
930  .  .  .  .  .  .  .  .  Name: "as7"
931  .  .  .  .  .  .  .  .  Obj: *ast.Object {
932  .  .  .  .  .  .  .  .  .  Kind: var
933  .  .  .  .  .  .  .  .  .  Name: "as7"
934  .  .  .  .  .  .  .  .  .  Decl: *(obj @ 926)
935  .  .  .  .  .  .  .  .  }
936  .  .  .  .  .  .  .  }
937  .  .  .  .  .  .  }
938  .  .  .  .  .  .  TokPos: var.go:53:6
939  .  .  .  .  .  .  Tok: :=
940  .  .  .  .  .  .  Rhs: []ast.Expr (len = 1) {
941  .  .  .  .  .  .  .  0: *ast.IndexExpr {
942  .  .  .  .  .  .  .  .  X: *ast.Ident {
943  .  .  .  .  .  .  .  .  .  NamePos: var.go:53:9
944  .  .  .  .  .  .  .  .  .  Name: "pp3"
945  .  .  .  .  .  .  .  .  .  Obj: *(obj @ 624)
946  .  .  .  .  .  .  .  .  }
947  .  .  .  .  .  .  .  .  Lbrack: var.go:53:12
948  .  .  .  .  .  .  .  .  Index: *ast.BasicLit {
949  .  .  .  .  .  .  .  .  .  ValuePos: var.go:53:13
950  .  .  .  .  .  .  .  .  .  Kind: INT
951  .  .  .  .  .  .  .  .  .  Value: "0"
952  .  .  .  .  .  .  .  .  }
953  .  .  .  .  .  .  .  .  Rbrack: var.go:53:14
954  .  .  .  .  .  .  .  }
955  .  .  .  .  .  .  }
956  .  .  .  .  .  }
957  .  .  .  .  .  10: *ast.AssignStmt {
958  .  .  .  .  .  .  Lhs: []ast.Expr (len = 1) {
959  .  .  .  .  .  .  .  0: *ast.Ident {
960  .  .  .  .  .  .  .  .  NamePos: var.go:54:2
961  .  .  .  .  .  .  .  .  Name: "as8"
962  .  .  .  .  .  .  .  .  Obj: *ast.Object {
963  .  .  .  .  .  .  .  .  .  Kind: var
964  .  .  .  .  .  .  .  .  .  Name: "as8"
965  .  .  .  .  .  .  .  .  .  Decl: *(obj @ 957)
966  .  .  .  .  .  .  .  .  }
967  .  .  .  .  .  .  .  }
968  .  .  .  .  .  .  }
969  .  .  .  .  .  .  TokPos: var.go:54:6
970  .  .  .  .  .  .  Tok: :=
971  .  .  .  .  .  .  Rhs: []ast.Expr (len = 1) {
972  .  .  .  .  .  .  .  0: *ast.StarExpr {
973  .  .  .  .  .  .  .  .  Star: var.go:54:9
974  .  .  .  .  .  .  .  .  X: *ast.Ident {
975  .  .  .  .  .  .  .  .  .  NamePos: var.go:54:10
976  .  .  .  .  .  .  .  .  .  Name: "pp2"
977  .  .  .  .  .  .  .  .  .  Obj: *(obj @ 603)
978  .  .  .  .  .  .  .  .  }
979  .  .  .  .  .  .  .  }
980  .  .  .  .  .  .  }
981  .  .  .  .  .  }
982  .  .  .  .  .  11: *ast.AssignStmt {
983  .  .  .  .  .  .  Lhs: []ast.Expr (len = 1) {
984  .  .  .  .  .  .  .  0: *ast.Ident {
985  .  .  .  .  .  .  .  .  NamePos: var.go:55:2
986  .  .  .  .  .  .  .  .  Name: "as9"
987  .  .  .  .  .  .  .  .  Obj: *ast.Object {
988  .  .  .  .  .  .  .  .  .  Kind: var
989  .  .  .  .  .  .  .  .  .  Name: "as9"
990  .  .  .  .  .  .  .  .  .  Decl: *(obj @ 982)
991  .  .  .  .  .  .  .  .  }
992  .  .  .  .  .  .  .  }
993  .  .  .  .  .  .  }
994  .  .  .  .  .  .  TokPos: var.go:55:6
995  .  .  .  .  .  .  Tok: :=
996  .  .  .  .  .  .  Rhs: []ast.Expr (len = 1) {
997  .  .  .  .  .  .  .  0: *ast.CallExpr {
998  .  .  .  .  .  .  .  .  Fun: *ast.SelectorExpr {
999  .  .  .  .  .  .  .  .  .  X: *ast.IndexExpr {
1000  .  .  .  .  .  .  .  .  .  .  X: *ast.SelectorExpr {
1001  .  .  .  .  .  .  .  .  .  .  .  X: *ast.ParenExpr {
1002  .  .  .  .  .  .  .  .  .  .  .  .  Lparen: var.go:55:9
1003  .  .  .  .  .  .  .  .  .  .  .  .  X: *ast.StarExpr {
1004  .  .  .  .  .  .  .  .  .  .  .  .  .  Star: var.go:55:10
1005  .  .  .  .  .  .  .  .  .  .  .  .  .  X: *ast.CallExpr {
1006  .  .  .  .  .  .  .  .  .  .  .  .  .  .  Fun: *ast.Ident {
1007  .  .  .  .  .  .  .  .  .  .  .  .  .  .  .  NamePos: var.go:55:11
1008  .  .  .  .  .  .  .  .  .  .  .  .  .  .  .  Name: "newFooVar"
1009  .  .  .  .  .  .  .  .  .  .  .  .  .  .  .  Obj: *(obj @ 127)
1010  .  .  .  .  .  .  .  .  .  .  .  .  .  .  }
1011  .  .  .  .  .  .  .  .  .  .  .  .  .  .  Lparen: var.go:55:20
1012  .  .  .  .  .  .  .  .  .  .  .  .  .  .  Ellipsis: -
1013  .  .  .  .  .  .  .  .  .  .  .  .  .  .  Rparen: var.go:55:21
1014  .  .  .  .  .  .  .  .  .  .  .  .  .  }
1015  .  .  .  .  .  .  .  .  .  .  .  .  }
1016  .  .  .  .  .  .  .  .  .  .  .  .  Rparen: var.go:55:22
1017  .  .  .  .  .  .  .  .  .  .  .  }
1018  .  .  .  .  .  .  .  .  .  .  .  Sel: *ast.Ident {
1019  .  .  .  .  .  .  .  .  .  .  .  .  NamePos: var.go:55:24
1020  .  .  .  .  .  .  .  .  .  .  .  .  Name: "mm"
1021  .  .  .  .  .  .  .  .  .  .  .  }
1022  .  .  .  .  .  .  .  .  .  .  }
1023  .  .  .  .  .  .  .  .  .  .  Lbrack: var.go:55:26
1024  .  .  .  .  .  .  .  .  .  .  Index: *ast.BasicLit {
1025  .  .  .  .  .  .  .  .  .  .  .  ValuePos: var.go:55:27
1026  .  .  .  .  .  .  .  .  .  .  .  Kind: INT
1027  .  .  .  .  .  .  .  .  .  .  .  Value: "0"
1028  .  .  .  .  .  .  .  .  .  .  }
1029  .  .  .  .  .  .  .  .  .  .  Rbrack: var.go:55:28
1030  .  .  .  .  .  .  .  .  .  }
1031  .  .  .  .  .  .  .  .  .  Sel: *ast.Ident {
1032  .  .  .  .  .  .  .  .  .  .  NamePos: var.go:55:30
1033  .  .  .  .  .  .  .  .  .  .  Name: "get"
1034  .  .  .  .  .  .  .  .  .  }
1035  .  .  .  .  .  .  .  .  }
1036  .  .  .  .  .  .  .  .  Lparen: var.go:55:33
1037  .  .  .  .  .  .  .  .  Ellipsis: -
1038  .  .  .  .  .  .  .  .  Rparen: var.go:55:34
1039  .  .  .  .  .  .  .  }
1040  .  .  .  .  .  .  }
1041  .  .  .  .  .  }
1042  .  .  .  .  .  12: *ast.AssignStmt {
1043  .  .  .  .  .  .  Lhs: []ast.Expr (len = 2) {
1044  .  .  .  .  .  .  .  0: *ast.Ident {
1045  .  .  .  .  .  .  .  .  NamePos: var.go:56:2
1046  .  .  .  .  .  .  .  .  Name: "as10"
1047  .  .  .  .  .  .  .  .  Obj: *ast.Object {
1048  .  .  .  .  .  .  .  .  .  Kind: var
1049  .  .  .  .  .  .  .  .  .  Name: "as10"
1050  .  .  .  .  .  .  .  .  .  Decl: *(obj @ 1042)
1051  .  .  .  .  .  .  .  .  }
1052  .  .  .  .  .  .  .  }
1053  .  .  .  .  .  .  .  1: *ast.Ident {
1054  .  .  .  .  .  .  .  .  NamePos: var.go:56:8
1055  .  .  .  .  .  .  .  .  Name: "as11"
1056  .  .  .  .  .  .  .  .  Obj: *ast.Object {
1057  .  .  .  .  .  .  .  .  .  Kind: var
1058  .  .  .  .  .  .  .  .  .  Name: "as11"
1059  .  .  .  .  .  .  .  .  .  Decl: *(obj @ 1042)
1060  .  .  .  .  .  .  .  .  }
1061  .  .  .  .  .  .  .  }
1062  .  .  .  .  .  .  }
1063  .  .  .  .  .  .  TokPos: var.go:56:13
1064  .  .  .  .  .  .  Tok: :=
1065  .  .  .  .  .  .  Rhs: []ast.Expr (len = 1) {
1066  .  .  .  .  .  .  .  0: *ast.CallExpr {
1067  .  .  .  .  .  .  .  .  Fun: *ast.SelectorExpr {
1068  .  .  .  .  .  .  .  .  .  X: *ast.ParenExpr {
1069  .  .  .  .  .  .  .  .  .  .  Lparen: var.go:56:16
1070  .  .  .  .  .  .  .  .  .  .  X: *ast.UnaryExpr {
1071  .  .  .  .  .  .  .  .  .  .  .  OpPos: var.go:56:17
1072  .  .  .  .  .  .  .  .  .  .  .  Op: &
1073  .  .  .  .  .  .  .  .  .  .  .  X: *ast.Ident {
1074  .  .  .  .  .  .  .  .  .  .  .  .  NamePos: var.go:56:18
1075  .  .  .  .  .  .  .  .  .  .  .  .  Name: "as1"
1076  .  .  .  .  .  .  .  .  .  .  .  .  Obj: *(obj @ 763)
1077  .  .  .  .  .  .  .  .  .  .  .  }
1078  .  .  .  .  .  .  .  .  .  .  }
1079  .  .  .  .  .  .  .  .  .  .  Rparen: var.go:56:21
1080  .  .  .  .  .  .  .  .  .  }
1081  .  .  .  .  .  .  .  .  .  Sel: *ast.Ident {
1082  .  .  .  .  .  .  .  .  .  .  NamePos: var.go:56:23
1083  .  .  .  .  .  .  .  .  .  .  Name: "call"
1084  .  .  .  .  .  .  .  .  .  }
1085  .  .  .  .  .  .  .  .  }
1086  .  .  .  .  .  .  .  .  Lparen: var.go:56:27
1087  .  .  .  .  .  .  .  .  Args: []ast.Expr (len = 2) {
1088  .  .  .  .  .  .  .  .  .  0: *ast.BasicLit {
1089  .  .  .  .  .  .  .  .  .  .  ValuePos: var.go:56:28
1090  .  .  .  .  .  .  .  .  .  .  Kind: INT
1091  .  .  .  .  .  .  .  .  .  .  Value: "0"
1092  .  .  .  .  .  .  .  .  .  }
1093  .  .  .  .  .  .  .  .  .  1: *ast.Ident {
1094  .  .  .  .  .  .  .  .  .  .  NamePos: var.go:56:31
1095  .  .  .  .  .  .  .  .  .  .  Name: "nil"
1096  .  .  .  .  .  .  .  .  .  }
1097  .  .  .  .  .  .  .  .  }
1098  .  .  .  .  .  .  .  .  Ellipsis: -
1099  .  .  .  .  .  .  .  .  Rparen: var.go:56:34
1100  .  .  .  .  .  .  .  }
1101  .  .  .  .  .  .  }
1102  .  .  .  .  .  }
1103  .  .  .  .  .  13: *ast.AssignStmt {
1104  .  .  .  .  .  .  Lhs: []ast.Expr (len = 2) {
1105  .  .  .  .  .  .  .  0: *ast.Ident {
1106  .  .  .  .  .  .  .  .  NamePos: var.go:57:2
1107  .  .  .  .  .  .  .  .  Name: "as12"
1108  .  .  .  .  .  .  .  .  Obj: *ast.Object {
1109  .  .  .  .  .  .  .  .  .  Kind: var
1110  .  .  .  .  .  .  .  .  .  Name: "as12"
1111  .  .  .  .  .  .  .  .  .  Decl: *(obj @ 1103)
1112  .  .  .  .  .  .  .  .  }
1113  .  .  .  .  .  .  .  }
1114  .  .  .  .  .  .  .  1: *ast.Ident {
1115  .  .  .  .  .  .  .  .  NamePos: var.go:57:8
1116  .  .  .  .  .  .  .  .  Name: "as13"
1117  .  .  .  .  .  .  .  .  Obj: *ast.Object {
1118  .  .  .  .  .  .  .  .  .  Kind: var
1119  .  .  .  .  .  .  .  .  .  Name: "as13"
1120  .  .  .  .  .  .  .  .  .  Decl: *(obj @ 1103)
1121  .  .  .  .  .  .  .  .  }
1122  .  .  .  .  .  .  .  }
1123  .  .  .  .  .  .  }
1124  .  .  .  .  .  .  TokPos: var.go:57:13
1125  .  .  .  .  .  .  Tok: :=
1126  .  .  .  .  .  .  Rhs: []ast.Expr (len = 2) {
1127  .  .  .  .  .  .  .  0: *ast.Ident {
1128  .  .  .  .  .  .  .  .  NamePos: var.go:57:16
1129  .  .  .  .  .  .  .  .  Name: "call"
1130  .  .  .  .  .  .  .  .  Obj: *(obj @ 232)
1131  .  .  .  .  .  .  .  }
1132  .  .  .  .  .  .  .  1: *ast.SelectorExpr {
1133  .  .  .  .  .  .  .  .  X: *ast.Ident {
1134  .  .  .  .  .  .  .  .  .  NamePos: var.go:57:22
1135  .  .  .  .  .  .  .  .  .  Name: "ff"
1136  .  .  .  .  .  .  .  .  .  Obj: *(obj @ 553)
1137  .  .  .  .  .  .  .  .  }
1138  .  .  .  .  .  .  .  .  Sel: *ast.Ident {
1139  .  .  .  .  .  .  .  .  .  NamePos: var.go:57:25
1140  .  .  .  .  .  .  .  .  .  Name: "get"
1141  .  .  .  .  .  .  .  .  }
1142  .  .  .  .  .  .  .  }
1143  .  .  .  .  .  .  }
1144  .  .  .  .  .  }
1145  .  .  .  .  .  14: *ast.ExprStmt {
1146  .  .  .  .  .  .  X: *ast.CallExpr {
1147  .  .  .  .  .  .  .  Fun: *ast.Ident {
1148  .  .  .  .  .  .  .  .  NamePos: var.go:58:2
1149  .  .  .  .  .  .  .  .  Name: "as12"
1150  .  .  .  .  .  .  .  .  Obj: *(obj @ 1108)
1151  .  .  .  .  .  .  .  }
1152  .  .  .  .  .  .  .  Lparen: var.go:58:6
1153  .  .  .  .  .  .  .  Ellipsis: -
1154  .  .  .  .  .  .  .  Rparen: var.go:58:7
1155  .  .  .  .  .  .  }
1156  .  .  .  .  .  }
1157  .  .  .  .  .  15: *ast.ExprStmt {
1158  .  .  .  .  .  .  X: *ast.CallExpr {
1159  .  .  .  .  .  .  .  Fun: *ast.Ident {
1160  .  .  .  .  .  .  .  .  NamePos: var.go:59:2
1161  .  .  .  .  .  .  .  .  Name: "as13"
1162  .  .  .  .  .  .  .  .  Obj: *(obj @ 1117)
1163  .  .  .  .  .  .  .  }
1164  .  .  .  .  .  .  .  Lparen: var.go:59:6
1165  .  .  .  .  .  .  .  Ellipsis: -
1166  .  .  .  .  .  .  .  Rparen: var.go:59:7
1167  .  .  .  .  .  .  }
1168  .  .  .  .  .  }
1169  .  .  .  .  .  16: *ast.DeclStmt {
1170  .  .  .  .  .  .  Decl: *ast.GenDecl {
1171  .  .  .  .  .  .  .  TokPos: var.go:62:2
1172  .  .  .  .  .  .  .  Tok: var
1173  .  .  .  .  .  .  .  Lparen: -
1174  .  .  .  .  .  .  .  Specs: []ast.Spec (len = 1) {
1175  .  .  .  .  .  .  .  .  0: *ast.ValueSpec {
1176  .  .  .  .  .  .  .  .  .  Names: []*ast.Ident (len = 1) {
1177  .  .  .  .  .  .  .  .  .  .  0: *ast.Ident {
1178  .  .  .  .  .  .  .  .  .  .  .  NamePos: var.go:62:6
1179  .  .  .  .  .  .  .  .  .  .  .  Name: "ds0"
1180  .  .  .  .  .  .  .  .  .  .  .  Obj: *ast.Object {
1181  .  .  .  .  .  .  .  .  .  .  .  .  Kind: var
1182  .  .  .  .  .  .  .  .  .  .  .  .  Name: "ds0"
1183  .  .  .  .  .  .  .  .  .  .  .  .  Decl: *(obj @ 1175)
1184  .  .  .  .  .  .  .  .  .  .  .  .  Data: 0
1185  .  .  .  .  .  .  .  .  .  .  .  }
1186  .  .  .  .  .  .  .  .  .  .  }
1187  .  .  .  .  .  .  .  .  .  }
1188  .  .  .  .  .  .  .  .  .  Type: *ast.Ident {
1189  .  .  .  .  .  .  .  .  .  .  NamePos: var.go:62:10
1190  .  .  .  .  .  .  .  .  .  .  Name: "fooVar"
1191  .  .  .  .  .  .  .  .  .  .  Obj: *(obj @ 16)
1192  .  .  .  .  .  .  .  .  .  }
1193  .  .  .  .  .  .  .  .  }
1194  .  .  .  .  .  .  .  }
1195  .  .  .  .  .  .  .  Rparen: -
1196  .  .  .  .  .  .  }
1197  .  .  .  .  .  }
1198  .  .  .  .  .  17: *ast.DeclStmt {
1199  .  .  .  .  .  .  Decl: *ast.GenDecl {
1200  .  .  .  .  .  .  .  TokPos: var.go:63:2
1201  .  .  .  .  .  .  .  Tok: var
1202  .  .  .  .  .  .  .  Lparen: -
1203  .  .  .  .  .  .  .  Specs: []ast.Spec (len = 1) {
1204  .  .  .  .  .  .  .  .  0: *ast.ValueSpec {
1205  .  .  .  .  .  .  .  .  .  Names: []*ast.Ident (len = 1) {
1206  .  .  .  .  .  .  .  .  .  .  0: *ast.Ident {
1207  .  .  .  .  .  .  .  .  .  .  .  NamePos: var.go:63:6
1208  .  .  .  .  .  .  .  .  .  .  .  Name: "ds1"
1209  .  .  .  .  .  .  .  .  .  .  .  Obj: *ast.Object {
1210  .  .  .  .  .  .  .  .  .  .  .  .  Kind: var
1211  .  .  .  .  .  .  .  .  .  .  .  .  Name: "ds1"
1212  .  .  .  .  .  .  .  .  .  .  .  .  Decl: *(obj @ 1204)
1213  .  .  .  .  .  .  .  .  .  .  .  .  Data: 0
1214  .  .  .  .  .  .  .  .  .  .  .  }
1215  .  .  .  .  .  .  .  .  .  .  }
1216  .  .  .  .  .  .  .  .  .  }
1217  .  .  .  .  .  .  .  .  .  Type: *ast.Ident {
1218  .  .  .  .  .  .  .  .  .  .  NamePos: var.go:63:10
1219  .  .  .  .  .  .  .  .  .  .  Name: "int"
1220  .  .  .  .  .  .  .  .  .  }
1221  .  .  .  .  .  .  .  .  }
1222  .  .  .  .  .  .  .  }
1223  .  .  .  .  .  .  .  Rparen: -
1224  .  .  .  .  .  .  }
1225  .  .  .  .  .  }
1226  .  .  .  .  .  18: *ast.DeclStmt {
1227  .  .  .  .  .  .  Decl: *ast.GenDecl {
1228  .  .  .  .  .  .  .  TokPos: var.go:64:2
1229  .  .  .  .  .  .  .  Tok: var
1230  .  .  .  .  .  .  .  Lparen: -
1231  .  .  .  .  .  .  .  Specs: []ast.Spec (len = 1) {
1232  .  .  .  .  .  .  .  .  0: *ast.ValueSpec {
1233  .  .  .  .  .  .  .  .  .  Names: []*ast.Ident (len = 1) {
1234  .  .  .  .  .  .  .  .  .  .  0: *ast.Ident {
1235  .  .  .  .  .  .  .  .  .  .  .  NamePos: var.go:64:6
1236  .  .  .  .  .  .  .  .  .  .  .  Name: "ds2"
1237  .  .  .  .  .  .  .  .  .  .  .  Obj: *ast.Object {
1238  .  .  .  .  .  .  .  .  .  .  .  .  Kind: var
1239  .  .  .  .  .  .  .  .  .  .  .  .  Name: "ds2"
1240  .  .  .  .  .  .  .  .  .  .  .  .  Decl: *(obj @ 1232)
1241  .  .  .  .  .  .  .  .  .  .  .  .  Data: 0
1242  .  .  .  .  .  .  .  .  .  .  .  }
1243  .  .  .  .  .  .  .  .  .  .  }
1244  .  .  .  .  .  .  .  .  .  }
1245  .  .  .  .  .  .  .  .  .  Type: *ast.Ident {
1246  .  .  .  .  .  .  .  .  .  .  NamePos: var.go:64:10
1247  .  .  .  .  .  .  .  .  .  .  Name: "aFoo"
1248  .  .  .  .  .  .  .  .  .  .  Obj: *(obj @ 91)
1249  .  .  .  .  .  .  .  .  .  }
1250  .  .  .  .  .  .  .  .  }
1251  .  .  .  .  .  .  .  }
1252  .  .  .  .  .  .  .  Rparen: -
1253  .  .  .  .  .  .  }
1254  .  .  .  .  .  }
1255  .  .  .  .  .  19: *ast.DeclStmt {
1256  .  .  .  .  .  .  Decl: *ast.GenDecl {
1257  .  .  .  .  .  .  .  TokPos: var.go:65:2
1258  .  .  .  .  .  .  .  Tok: var
1259  .  .  .  .  .  .  .  Lparen: -
1260  .  .  .  .  .  .  .  Specs: []ast.Spec (len = 1) {
1261  .  .  .  .  .  .  .  .  0: *ast.ValueSpec {
1262  .  .  .  .  .  .  .  .  .  Names: []*ast.Ident (len = 1) {
1263  .  .  .  .  .  .  .  .  .  .  0: *ast.Ident {
1264  .  .  .  .  .  .  .  .  .  .  .  NamePos: var.go:65:6
1265  .  .  .  .  .  .  .  .  .  .  .  Name: "ds3"
1266  .  .  .  .  .  .  .  .  .  .  .  Obj: *ast.Object {
1267  .  .  .  .  .  .  .  .  .  .  .  .  Kind: var
1268  .  .  .  .  .  .  .  .  .  .  .  .  Name: "ds3"
1269  .  .  .  .  .  .  .  .  .  .  .  .  Decl: *(obj @ 1261)
1270  .  .  .  .  .  .  .  .  .  .  .  .  Data: 0
1271  .  .  .  .  .  .  .  .  .  .  .  }
1272  .  .  .  .  .  .  .  .  .  .  }
1273  .  .  .  .  .  .  .  .  .  }
1274  .  .  .  .  .  .  .  .  .  Values: []ast.Expr (len = 1) {
1275  .  .  .  .  .  .  .  .  .  .  0: *ast.BasicLit {
1276  .  .  .  .  .  .  .  .  .  .  .  ValuePos: var.go:65:12
1277  .  .  .  .  .  .  .  .  .  .  .  Kind: INT
1278  .  .  .  .  .  .  .  .  .  .  .  Value: "1"
1279  .  .  .  .  .  .  .  .  .  .  }
1280  .  .  .  .  .  .  .  .  .  }
1281  .  .  .  .  .  .  .  .  }
1282  .  .  .  .  .  .  .  }
1283  .  .  .  .  .  .  .  Rparen: -
1284  .  .  .  .  .  .  }
1285  .  .  .  .  .  }
1286  .  .  .  .  .  20: *ast.DeclStmt {
1287  .  .  .  .  .  .  Decl: *ast.GenDecl {
1288  .  .  .  .  .  .  .  TokPos: var.go:66:2
1289  .  .  .  .  .  .  .  Tok: var
1290  .  .  .  .  .  .  .  Lparen: -
1291  .  .  .  .  .  .  .  Specs: []ast.Spec (len = 1) {
1292  .  .  .  .  .  .  .  .  0: *ast.ValueSpec {
1293  .  .  .  .  .  .  .  .  .  Names: []*ast.Ident (len = 1) {
1294  .  .  .  .  .  .  .  .  .  .  0: *ast.Ident {
1295  .  .  .  .  .  .  .  .  .  .  .  NamePos: var.go:66:6
1296  .  .  .  .  .  .  .  .  .  .  .  Name: "ds4"
1297  .  .  .  .  .  .  .  .  .  .  .  Obj: *ast.Object {
1298  .  .  .  .  .  .  .  .  .  .  .  .  Kind: var
1299  .  .  .  .  .  .  .  .  .  .  .  .  Name: "ds4"
1300  .  .  .  .  .  .  .  .  .  .  .  .  Decl: *(obj @ 1292)
1301  .  .  .  .  .  .  .  .  .  .  .  .  Data: 0
1302  .  .  .  .  .  .  .  .  .  .  .  }
1303  .  .  .  .  .  .  .  .  .  .  }
1304  .  .  .  .  .  .  .  .  .  }
1305  .  .  .  .  .  .  .  .  .  Values: []ast.Expr (len = 1) {
1306  .  .  .  .  .  .  .  .  .  .  0: *ast.CompositeLit {
1307  .  .  .  .  .  .  .  .  .  .  .  Type: *ast.Ident {
1308  .  .  .  .  .  .  .  .  .  .  .  .  NamePos: var.go:66:12
1309  .  .  .  .  .  .  .  .  .  .  .  .  Name: "fooVar"
1310  .  .  .  .  .  .  .  .  .  .  .  .  Obj: *(obj @ 16)
1311  .  .  .  .  .  .  .  .  .  .  .  }
1312  .  .  .  .  .  .  .  .  .  .  .  Lbrace: var.go:66:18
1313  .  .  .  .  .  .  .  .  .  .  .  Rbrace: var.go:66:19
1314  .  .  .  .  .  .  .  .  .  .  .  Incomplete: false
1315  .  .  .  .  .  .  .  .  .  .  }
1316  .  .  .  .  .  .  .  .  .  }
1317  .  .  .  .  .  .  .  .  }
1318  .  .  .  .  .  .  .  }
1319  .  .  .  .  .  .  .  Rparen: -
1320  .  .  .  .  .  .  }
1321  .  .  .  .  .  }
1322  .  .  .  .  .  21: *ast.AssignStmt {
1323  .  .  .  .  .  .  Lhs: []ast.Expr (len = 1) {
1324  .  .  .  .  .  .  .  0: *ast.Ident {
1325  .  .  .  .  .  .  .  .  NamePos: var.go:69:2
1326  .  .  .  .  .  .  .  .  Name: "fs"
1327  .  .  .  .  .  .  .  .  Obj: *ast.Object {
1328  .  .  .  .  .  .  .  .  .  Kind: var
1329  .  .  .  .  .  .  .  .  .  Name: "fs"
1330  .  .  .  .  .  .  .  .  .  Decl: *(obj @ 1322)
1331  .  .  .  .  .  .  .  .  }
1332  .  .  .  .  .  .  .  }
1333  .  .  .  .  .  .  }
1334  .  .  .  .  .  .  TokPos: var.go:69:5
1335  .  .  .  .  .  .  Tok: :=
1336  .  .  .  .  .  .  Rhs: []ast.Expr (len = 1) {
1337  .  .  .  .  .  .  .  0: *ast.CompositeLit {
1338  .  .  .  .  .  .  .  .  Type: *ast.ArrayType {
1339  .  .  .  .  .  .  .  .  .  Lbrack: var.go:69:8
1340  .  .  .  .  .  .  .  .  .  Elt: *ast.Ident {
1341  .  .  .  .  .  .  .  .  .  .  NamePos: var.go:69:10
1342  .  .  .  .  .  .  .  .  .  .  Name: "int"
1343  .  .  .  .  .  .  .  .  .  }
1344  .  .  .  .  .  .  .  .  }
1345  .  .  .  .  .  .  .  .  Lbrace: var.go:69:13
1346  .  .  .  .  .  .  .  .  Elts: []ast.Expr (len = 2) {
1347  .  .  .  .  .  .  .  .  .  0: *ast.BasicLit {
1348  .  .  .  .  .  .  .  .  .  .  ValuePos: var.go:69:14
1349  .  .  .  .  .  .  .  .  .  .  Kind: INT
1350  .  .  .  .  .  .  .  .  .  .  Value: "0"
1351  .  .  .  .  .  .  .  .  .  }
1352  .  .  .  .  .  .  .  .  .  1: *ast.BasicLit {
1353  .  .  .  .  .  .  .  .  .  .  ValuePos: var.go:69:17
1354  .  .  .  .  .  .  .  .  .  .  Kind: INT
1355  .  .  .  .  .  .  .  .  .  .  Value: "1"
1356  .  .  .  .  .  .  .  .  .  }
1357  .  .  .  .  .  .  .  .  }
1358  .  .  .  .  .  .  .  .  Rbrace: var.go:69:18
1359  .  .  .  .  .  .  .  .  Incomplete: false
1360  .  .  .  .  .  .  .  }
1361  .  .  .  .  .  .  }
1362  .  .  .  .  .  }
1363  .  .  .  .  .  22: *ast.RangeStmt {
1364  .  .  .  .  .  .  For: var.go:70:2
1365  .  .  .  .  .  .  Key: *ast.Ident {
1366  .  .  .  .  .  .  .  NamePos: var.go:70:6
1367  .  .  .  .  .  .  .  Name: "fsi"
1368  .  .  .  .  .  .  .  Obj: *ast.Object {
1369  .  .  .  .  .  .  .  .  Kind: var
1370  .  .  .  .  .  .  .  .  Name: "fsi"
1371  .  .  .  .  .  .  .  .  Decl: *ast.AssignStmt {
1372  .  .  .  .  .  .  .  .  .  Lhs: []ast.Expr (len = 2) {
1373  .  .  .  .  .  .  .  .  .  .  0: *(obj @ 1365)
1374  .  .  .  .  .  .  .  .  .  .  1: *ast.Ident {
1375  .  .  .  .  .  .  .  .  .  .  .  NamePos: var.go:70:11
1376  .  .  .  .  .  .  .  .  .  .  .  Name: "fsv"
1377  .  .  .  .  .  .  .  .  .  .  .  Obj: *ast.Object {
1378  .  .  .  .  .  .  .  .  .  .  .  .  Kind: var
1379  .  .  .  .  .  .  .  .  .  .  .  .  Name: "fsv"
1380  .  .  .  .  .  .  .  .  .  .  .  .  Decl: *(obj @ 1371)
1381  .  .  .  .  .  .  .  .  .  .  .  }
1382  .  .  .  .  .  .  .  .  .  .  }
1383  .  .  .  .  .  .  .  .  .  }
1384  .  .  .  .  .  .  .  .  .  TokPos: var.go:70:15
1385  .  .  .  .  .  .  .  .  .  Tok: :=
1386  .  .  .  .  .  .  .  .  .  Rhs: []ast.Expr (len = 1) {
1387  .  .  .  .  .  .  .  .  .  .  0: *ast.UnaryExpr {
1388  .  .  .  .  .  .  .  .  .  .  .  OpPos: -
1389  .  .  .  .  .  .  .  .  .  .  .  Op: range
1390  .  .  .  .  .  .  .  .  .  .  .  X: *ast.Ident {
1391  .  .  .  .  .  .  .  .  .  .  .  .  NamePos: var.go:70:24
1392  .  .  .  .  .  .  .  .  .  .  .  .  Name: "fs"
1393  .  .  .  .  .  .  .  .  .  .  .  .  Obj: *(obj @ 1327)
1394  .  .  .  .  .  .  .  .  .  .  .  }
1395  .  .  .  .  .  .  .  .  .  .  }
1396  .  .  .  .  .  .  .  .  .  }
1397  .  .  .  .  .  .  .  .  }
1398  .  .  .  .  .  .  .  }
1399  .  .  .  .  .  .  }
1400  .  .  .  .  .  .  Value: *(obj @ 1374)
1401  .  .  .  .  .  .  TokPos: var.go:70:15
1402  .  .  .  .  .  .  Tok: :=
1403  .  .  .  .  .  .  Range: var.go:70:18
1404  .  .  .  .  .  .  X: *(obj @ 1390)
1405  .  .  .  .  .  .  Body: *ast.BlockStmt {
1406  .  .  .  .  .  .  .  Lbrace: var.go:70:27
1407  .  .  .  .  .  .  .  List: []ast.Stmt (len = 2) {
1408  .  .  .  .  .  .  .  .  0: *ast.IncDecStmt {
1409  .  .  .  .  .  .  .  .  .  X: *ast.Ident {
1410  .  .  .  .  .  .  .  .  .  .  NamePos: var.go:71:3
1411  .  .  .  .  .  .  .  .  .  .  Name: "fsi"
1412  .  .  .  .  .  .  .  .  .  .  Obj: *(obj @ 1368)
1413  .  .  .  .  .  .  .  .  .  }
1414  .  .  .  .  .  .  .  .  .  TokPos: var.go:71:6
1415  .  .  .  .  .  .  .  .  .  Tok: ++
1416  .  .  .  .  .  .  .  .  }
1417  .  .  .  .  .  .  .  .  1: *ast.IncDecStmt {
1418  .  .  .  .  .  .  .  .  .  X: *ast.Ident {
1419  .  .  .  .  .  .  .  .  .  .  NamePos: var.go:72:3
1420  .  .  .  .  .  .  .  .  .  .  Name: "fsv"
1421  .  .  .  .  .  .  .  .  .  .  Obj: *(obj @ 1377)
1422  .  .  .  .  .  .  .  .  .  }
1423  .  .  .  .  .  .  .  .  .  TokPos: var.go:72:6
1424  .  .  .  .  .  .  .  .  .  Tok: ++
1425  .  .  .  .  .  .  .  .  }
1426  .  .  .  .  .  .  .  }
1427  .  .  .  .  .  .  .  Rbrace: var.go:73:2
1428  .  .  .  .  .  .  }
1429  .  .  .  .  .  }
1430  .  .  .  .  .  23: *ast.ForStmt {
1431  .  .  .  .  .  .  For: var.go:74:2
1432  .  .  .  .  .  .  Init: *ast.AssignStmt {
1433  .  .  .  .  .  .  .  Lhs: []ast.Expr (len = 1) {
1434  .  .  .  .  .  .  .  .  0: *ast.Ident {
1435  .  .  .  .  .  .  .  .  .  NamePos: var.go:74:6
1436  .  .  .  .  .  .  .  .  .  Name: "i"
1437  .  .  .  .  .  .  .  .  .  Obj: *ast.Object {
1438  .  .  .  .  .  .  .  .  .  .  Kind: var
1439  .  .  .  .  .  .  .  .  .  .  Name: "i"
1440  .  .  .  .  .  .  .  .  .  .  Decl: *(obj @ 1432)
1441  .  .  .  .  .  .  .  .  .  }
1442  .  .  .  .  .  .  .  .  }
1443  .  .  .  .  .  .  .  }
1444  .  .  .  .  .  .  .  TokPos: var.go:74:8
1445  .  .  .  .  .  .  .  Tok: :=
1446  .  .  .  .  .  .  .  Rhs: []ast.Expr (len = 1) {
1447  .  .  .  .  .  .  .  .  0: *ast.BasicLit {
1448  .  .  .  .  .  .  .  .  .  ValuePos: var.go:74:11
1449  .  .  .  .  .  .  .  .  .  Kind: INT
1450  .  .  .  .  .  .  .  .  .  Value: "0"
1451  .  .  .  .  .  .  .  .  }
1452  .  .  .  .  .  .  .  }
1453  .  .  .  .  .  .  }
1454  .  .  .  .  .  .  Cond: *ast.BinaryExpr {
1455  .  .  .  .  .  .  .  X: *ast.Ident {
1456  .  .  .  .  .  .  .  .  NamePos: var.go:74:14
1457  .  .  .  .  .  .  .  .  Name: "i"
1458  .  .  .  .  .  .  .  .  Obj: *(obj @ 1437)
1459  .  .  .  .  .  .  .  }
1460  .  .  .  .  .  .  .  OpPos: var.go:74:16
1461  .  .  .  .  .  .  .  Op: <
1462  .  .  .  .  .  .  .  Y: *ast.BasicLit {
1463  .  .  .  .  .  .  .  .  ValuePos: var.go:74:18
1464  .  .  .  .  .  .  .  .  Kind: INT
1465  .  .  .  .  .  .  .  .  Value: "10"
1466  .  .  .  .  .  .  .  }
1467  .  .  .  .  .  .  }
1468  .  .  .  .  .  .  Post: *ast.IncDecStmt {
1469  .  .  .  .  .  .  .  X: *ast.Ident {
1470  .  .  .  .  .  .  .  .  NamePos: var.go:74:22
1471  .  .  .  .  .  .  .  .  Name: "i"
1472  .  .  .  .  .  .  .  .  Obj: *(obj @ 1437)
1473  .  .  .  .  .  .  .  }
1474  .  .  .  .  .  .  .  TokPos: var.go:74:23
1475  .  .  .  .  .  .  .  Tok: ++
1476  .  .  .  .  .  .  }
1477  .  .  .  .  .  .  Body: *ast.BlockStmt {
1478  .  .  .  .  .  .  .  Lbrace: var.go:74:26
1479  .  .  .  .  .  .  .  List: []ast.Stmt (len = 1) {
1480  .  .  .  .  .  .  .  .  0: *ast.IncDecStmt {
1481  .  .  .  .  .  .  .  .  .  X: *ast.Ident {
1482  .  .  .  .  .  .  .  .  .  .  NamePos: var.go:75:3
1483  .  .  .  .  .  .  .  .  .  .  Name: "i"
1484  .  .  .  .  .  .  .  .  .  .  Obj: *(obj @ 1437)
1485  .  .  .  .  .  .  .  .  .  }
1486  .  .  .  .  .  .  .  .  .  TokPos: var.go:75:4
1487  .  .  .  .  .  .  .  .  .  Tok: ++
1488  .  .  .  .  .  .  .  .  }
1489  .  .  .  .  .  .  .  }
1490  .  .  .  .  .  .  .  Rbrace: var.go:76:2
1491  .  .  .  .  .  .  }
1492  .  .  .  .  .  }
1493  .  .  .  .  .  24: *ast.AssignStmt {
1494  .  .  .  .  .  .  Lhs: []ast.Expr (len = 1) {
1495  .  .  .  .  .  .  .  0: *ast.Ident {
1496  .  .  .  .  .  .  .  .  NamePos: var.go:77:2
1497  .  .  .  .  .  .  .  .  Name: "fs1"
1498  .  .  .  .  .  .  .  .  Obj: *ast.Object {
1499  .  .  .  .  .  .  .  .  .  Kind: var
1500  .  .  .  .  .  .  .  .  .  Name: "fs1"
1501  .  .  .  .  .  .  .  .  .  Decl: *(obj @ 1493)
1502  .  .  .  .  .  .  .  .  }
1503  .  .  .  .  .  .  .  }
1504  .  .  .  .  .  .  }
1505  .  .  .  .  .  .  TokPos: var.go:77:6
1506  .  .  .  .  .  .  Tok: :=
1507  .  .  .  .  .  .  Rhs: []ast.Expr (len = 1) {
1508  .  .  .  .  .  .  .  0: *ast.CompositeLit {
1509  .  .  .  .  .  .  .  .  Type: *ast.Ident {
1510  .  .  .  .  .  .  .  .  .  NamePos: var.go:77:9
1511  .  .  .  .  .  .  .  .  .  Name: "fooVar"
1512  .  .  .  .  .  .  .  .  .  Obj: *(obj @ 16)
1513  .  .  .  .  .  .  .  .  }
1514  .  .  .  .  .  .  .  .  Lbrace: var.go:77:15
1515  .  .  .  .  .  .  .  .  Rbrace: var.go:77:16
1516  .  .  .  .  .  .  .  .  Incomplete: false
1517  .  .  .  .  .  .  .  }
1518  .  .  .  .  .  .  }
1519  .  .  .  .  .  }
1520  .  .  .  .  .  25: *ast.RangeStmt {
1521  .  .  .  .  .  .  For: var.go:78:2
1522  .  .  .  .  .  .  Key: *ast.Ident {
1523  .  .  .  .  .  .  .  NamePos: var.go:78:6
1524  .  .  .  .  .  .  .  Name: "fsmk"
1525  .  .  .  .  .  .  .  Obj: *ast.Object {
1526  .  .  .  .  .  .  .  .  Kind: var
1527  .  .  .  .  .  .  .  .  Name: "fsmk"
1528  .  .  .  .  .  .  .  .  Decl: *ast.AssignStmt {
1529  .  .  .  .  .  .  .  .  .  Lhs: []ast.Expr (len = 2) {
1530  .  .  .  .  .  .  .  .  .  .  0: *(obj @ 1522)
1531  .  .  .  .  .  .  .  .  .  .  1: *ast.Ident {
1532  .  .  .  .  .  .  .  .  .  .  .  NamePos: var.go:78:12
1533  .  .  .  .  .  .  .  .  .  .  .  Name: "fsmv"
1534  .  .  .  .  .  .  .  .  .  .  .  Obj: *ast.Object {
1535  .  .  .  .  .  .  .  .  .  .  .  .  Kind: var
1536  .  .  .  .  .  .  .  .  .  .  .  .  Name: "fsmv"
1537  .  .  .  .  .  .  .  .  .  .  .  .  Decl: *(obj @ 1528)
1538  .  .  .  .  .  .  .  .  .  .  .  }
1539  .  .  .  .  .  .  .  .  .  .  }
1540  .  .  .  .  .  .  .  .  .  }
1541  .  .  .  .  .  .  .  .  .  TokPos: var.go:78:17
1542  .  .  .  .  .  .  .  .  .  Tok: :=
1543  .  .  .  .  .  .  .  .  .  Rhs: []ast.Expr (len = 1) {
1544  .  .  .  .  .  .  .  .  .  .  0: *ast.UnaryExpr {
1545  .  .  .  .  .  .  .  .  .  .  .  OpPos: -
1546  .  .  .  .  .  .  .  .  .  .  .  Op: range
1547  .  .  .  .  .  .  .  .  .  .  .  X: *ast.CallExpr {
1548  .  .  .  .  .  .  .  .  .  .  .  .  Fun: *ast.SelectorExpr {
1549  .  .  .  .  .  .  .  .  .  .  .  .  .  X: *ast.Ident {
1550  .  .  .  .  .  .  .  .  .  .  .  .  .  .  NamePos: var.go:78:26
1551  .  .  .  .  .  .  .  .  .  .  .  .  .  .  Name: "fs1"
1552  .  .  .  .  .  .  .  .  .  .  .  .  .  .  Obj: *(obj @ 1498)
1553  .  .  .  .  .  .  .  .  .  .  .  .  .  }
1554  .  .  .  .  .  .  .  .  .  .  .  .  .  Sel: *ast.Ident {
1555  .  .  .  .  .  .  .  .  .  .  .  .  .  .  NamePos: var.go:78:30
1556  .  .  .  .  .  .  .  .  .  .  .  .  .  .  Name: "getMM"
1557  .  .  .  .  .  .  .  .  .  .  .  .  .  }
1558  .  .  .  .  .  .  .  .  .  .  .  .  }
1559  .  .  .  .  .  .  .  .  .  .  .  .  Lparen: var.go:78:35
1560  .  .  .  .  .  .  .  .  .  .  .  .  Ellipsis: -
1561  .  .  .  .  .  .  .  .  .  .  .  .  Rparen: var.go:78:36
1562  .  .  .  .  .  .  .  .  .  .  .  }
1563  .  .  .  .  .  .  .  .  .  .  }
1564  .  .  .  .  .  .  .  .  .  }
1565  .  .  .  .  .  .  .  .  }
1566  .  .  .  .  .  .  .  }
1567  .  .  .  .  .  .  }
1568  .  .  .  .  .  .  Value: *(obj @ 1531)
1569  .  .  .  .  .  .  TokPos: var.go:78:17
1570  .  .  .  .  .  .  Tok: :=
1571  .  .  .  .  .  .  Range: var.go:78:20
1572  .  .  .  .  .  .  X: *(obj @ 1547)
1573  .  .  .  .  .  .  Body: *ast.BlockStmt {
1574  .  .  .  .  .  .  .  Lbrace: var.go:78:38
1575  .  .  .  .  .  .  .  List: []ast.Stmt (len = 2) {
1576  .  .  .  .  .  .  .  .  0: *ast.IncDecStmt {
1577  .  .  .  .  .  .  .  .  .  X: *ast.Ident {
1578  .  .  .  .  .  .  .  .  .  .  NamePos: var.go:79:3
1579  .  .  .  .  .  .  .  .  .  .  Name: "fsmk"
1580  .  .  .  .  .  .  .  .  .  .  Obj: *(obj @ 1525)
1581  .  .  .  .  .  .  .  .  .  }
1582  .  .  .  .  .  .  .  .  .  TokPos: var.go:79:7
1583  .  .  .  .  .  .  .  .  .  Tok: ++
1584  .  .  .  .  .  .  .  .  }
1585  .  .  .  .  .  .  .  .  1: *ast.ExprStmt {
1586  .  .  .  .  .  .  .  .  .  X: *ast.CallExpr {
1587  .  .  .  .  .  .  .  .  .  .  Fun: *ast.SelectorExpr {
1588  .  .  .  .  .  .  .  .  .  .  .  X: *ast.Ident {
1589  .  .  .  .  .  .  .  .  .  .  .  .  NamePos: var.go:80:3
1590  .  .  .  .  .  .  .  .  .  .  .  .  Name: "fsmv"
1591  .  .  .  .  .  .  .  .  .  .  .  .  Obj: *(obj @ 1534)
1592  .  .  .  .  .  .  .  .  .  .  .  }
1593  .  .  .  .  .  .  .  .  .  .  .  Sel: *ast.Ident {
1594  .  .  .  .  .  .  .  .  .  .  .  .  NamePos: var.go:80:8
1595  .  .  .  .  .  .  .  .  .  .  .  .  Name: "get"
1596  .  .  .  .  .  .  .  .  .  .  .  }
1597  .  .  .  .  .  .  .  .  .  .  }
1598  .  .  .  .  .  .  .  .  .  .  Lparen: var.go:80:11
1599  .  .  .  .  .  .  .  .  .  .  Ellipsis: -
1600  .  .  .  .  .  .  .  .  .  .  Rparen: var.go:80:12
1601  .  .  .  .  .  .  .  .  .  }
1602  .  .  .  .  .  .  .  .  }
1603  .  .  .  .  .  .  .  }
1604  .  .  .  .  .  .  .  Rbrace: var.go:81:2
1605  .  .  .  .  .  .  }
1606  .  .  .  .  .  }
1607  .  .  .  .  .  26: *ast.ExprStmt {
1608  .  .  .  .  .  .  X: *ast.CallExpr {
1609  .  .  .  .  .  .  .  Fun: *ast.Ident {
1610  .  .  .  .  .  .  .  .  NamePos: var.go:83:2
1611  .  .  .  .  .  .  .  .  Name: "call"
1612  .  .  .  .  .  .  .  .  Obj: *(obj @ 232)
1613  .  .  .  .  .  .  .  }
1614  .  .  .  .  .  .  .  Lparen: var.go:83:6
1615  .  .  .  .  .  .  .  Args: []ast.Expr (len = 21) {
1616  .  .  .  .  .  .  .  .  0: *ast.Ident {
1617  .  .  .  .  .  .  .  .  .  NamePos: var.go:83:7
1618  .  .  .  .  .  .  .  .  .  Name: "fd0"
1619  .  .  .  .  .  .  .  .  .  Obj: *(obj @ 691)
1620  .  .  .  .  .  .  .  .  }
1621  .  .  .  .  .  .  .  .  1: *ast.Ident {
1622  .  .  .  .  .  .  .  .  .  NamePos: var.go:83:12
1623  .  .  .  .  .  .  .  .  .  Name: "fd1"
1624  .  .  .  .  .  .  .  .  .  Obj: *(obj @ 713)
1625  .  .  .  .  .  .  .  .  }
1626  .  .  .  .  .  .  .  .  2: *ast.Ident {
1627  .  .  .  .  .  .  .  .  .  NamePos: var.go:83:17
1628  .  .  .  .  .  .  .  .  .  Name: "as0"
1629  .  .  .  .  .  .  .  .  .  Obj: *(obj @ 741)
1630  .  .  .  .  .  .  .  .  }
1631  .  .  .  .  .  .  .  .  3: *ast.Ident {
1632  .  .  .  .  .  .  .  .  .  NamePos: var.go:83:22
1633  .  .  .  .  .  .  .  .  .  Name: "as1"
1634  .  .  .  .  .  .  .  .  .  Obj: *(obj @ 763)
1635  .  .  .  .  .  .  .  .  }
1636  .  .  .  .  .  .  .  .  4: *ast.Ident {
1637  .  .  .  .  .  .  .  .  .  NamePos: var.go:83:27
1638  .  .  .  .  .  .  .  .  .  Name: "as2"
1639  .  .  .  .  .  .  .  .  .  Obj: *(obj @ 790)
1640  .  .  .  .  .  .  .  .  }
1641  .  .  .  .  .  .  .  .  5: *ast.Ident {
1642  .  .  .  .  .  .  .  .  .  NamePos: var.go:83:32
1643  .  .  .  .  .  .  .  .  .  Name: "as3"
1644  .  .  .  .  .  .  .  .  .  Obj: *(obj @ 812)
1645  .  .  .  .  .  .  .  .  }
1646  .  .  .  .  .  .  .  .  6: *ast.Ident {
1647  .  .  .  .  .  .  .  .  .  NamePos: var.go:83:37
1648  .  .  .  .  .  .  .  .  .  Name: "as4"
1649  .  .  .  .  .  .  .  .  .  Obj: *(obj @ 843)
1650  .  .  .  .  .  .  .  .  }
1651  .  .  .  .  .  .  .  .  7: *ast.Ident {
1652  .  .  .  .  .  .  .  .  .  NamePos: var.go:83:42
1653  .  .  .  .  .  .  .  .  .  Name: "as5"
1654  .  .  .  .  .  .  .  .  .  Obj: *(obj @ 876)
1655  .  .  .  .  .  .  .  .  }
1656  .  .  .  .  .  .  .  .  8: *ast.Ident {
1657  .  .  .  .  .  .  .  .  .  NamePos: var.go:83:47
1658  .  .  .  .  .  .  .  .  .  Name: "as6"
1659  .  .  .  .  .  .  .  .  .  Obj: *(obj @ 904)
1660  .  .  .  .  .  .  .  .  }
1661  .  .  .  .  .  .  .  .  9: *ast.Ident {
1662  .  .  .  .  .  .  .  .  .  NamePos: var.go:83:52
1663  .  .  .  .  .  .  .  .  .  Name: "as7"
1664  .  .  .  .  .  .  .  .  .  Obj: *(obj @ 931)
1665  .  .  .  .  .  .  .  .  }
1666  .  .  .  .  .  .  .  .  10: *ast.Ident {
1667  .  .  .  .  .  .  .  .  .  NamePos: var.go:83:57
1668  .  .  .  .  .  .  .  .  .  Name: "as8"
1669  .  .  .  .  .  .  .  .  .  Obj: *(obj @ 962)
1670  .  .  .  .  .  .  .  .  }
1671  .  .  .  .  .  .  .  .  11: *ast.Ident {
1672  .  .  .  .  .  .  .  .  .  NamePos: var.go:83:62
1673  .  .  .  .  .  .  .  .  .  Name: "as9"
1674  .  .  .  .  .  .  .  .  .  Obj: *(obj @ 987)
1675  .  .  .  .  .  .  .  .  }
1676  .  .  .  .  .  .  .  .  12: *ast.Ident {
1677  .  .  .  .  .  .  .  .  .  NamePos: var.go:83:67
1678  .  .  .  .  .  .  .  .  .  Name: "as10"
1679  .  .  .  .  .  .  .  .  .  Obj: *(obj @ 1047)
1680  .  .  .  .  .  .  .  .  }
1681  .  .  .  .  .  .  .  .  13: *ast.Ident {
1682  .  .  .  .  .  .  .  .  .  NamePos: var.go:83:73
1683  .  .  .  .  .  .  .  .  .  Name: "as11"
1684  .  .  .  .  .  .  .  .  .  Obj: *(obj @ 1056)
1685  .  .  .  .  .  .  .  .  }
1686  .  .  .  .  .  .  .  .  14: *ast.Ident {
1687  .  .  .  .  .  .  .  .  .  NamePos: var.go:83:79
1688  .  .  .  .  .  .  .  .  .  Name: "ds0"
1689  .  .  .  .  .  .  .  .  .  Obj: *(obj @ 1180)
1690  .  .  .  .  .  .  .  .  }
1691  .  .  .  .  .  .  .  .  15: *ast.Ident {
1692  .  .  .  .  .  .  .  .  .  NamePos: var.go:83:84
1693  .  .  .  .  .  .  .  .  .  Name: "ds1"
1694  .  .  .  .  .  .  .  .  .  Obj: *(obj @ 1209)
1695  .  .  .  .  .  .  .  .  }
1696  .  .  .  .  .  .  .  .  16: *ast.Ident {
1697  .  .  .  .  .  .  .  .  .  NamePos: var.go:83:89
1698  .  .  .  .  .  .  .  .  .  Name: "ds2"
1699  .  .  .  .  .  .  .  .  .  Obj: *(obj @ 1237)
1700  .  .  .  .  .  .  .  .  }
1701  .  .  .  .  .  .  .  .  17: *ast.Ident {
1702  .  .  .  .  .  .  .  .  .  NamePos: var.go:83:94
1703  .  .  .  .  .  .  .  .  .  Name: "ds3"
1704  .  .  .  .  .  .  .  .  .  Obj: *(obj @ 1266)
1705  .  .  .  .  .  .  .  .  }
1706  .  .  .  .  .  .  .  .  18: *ast.Ident {
1707  .  .  .  .  .  .  .  .  .  NamePos: var.go:83:99
1708  .  .  .  .  .  .  .  .  .  Name: "ds4"
1709  .  .  .  .  .  .  .  .  .  Obj: *(obj @ 1297)
1710  .  .  .  .  .  .  .  .  }
1711  .  .  .  .  .  .  .  .  19: *ast.Ident {
1712  .  .  .  .  .  .  .  .  .  NamePos: var.go:83:104
1713  .  .  .  .  .  .  .  .  .  Name: "rr1"
1714  .  .  .  .  .  .  .  .  .  Obj: *(obj @ 650)
1715  .  .  .  .  .  .  .  .  }
1716  .  .  .  .  .  .  .  .  20: *ast.Ident {
1717  .  .  .  .  .  .  .  .  .  NamePos: var.go:83:109
1718  .  .  .  .  .  .  .  .  .  Name: "rr2"
1719  .  .  .  .  .  .  .  .  .  Obj: *(obj @ 667)
1720  .  .  .  .  .  .  .  .  }
1721  .  .  .  .  .  .  .  }
1722  .  .  .  .  .  .  .  Ellipsis: -
1723  .  .  .  .  .  .  .  Rparen: var.go:83:112
1724  .  .  .  .  .  .  }
1725  .  .  .  .  .  }
1726  .  .  .  .  .  27: *ast.ReturnStmt {
1727  .  .  .  .  .  .  Return: var.go:84:2
1728  .  .  .  .  .  }
1729  .  .  .  .  }
1730  .  .  .  .  Rbrace: var.go:85:1
1731  .  .  .  }
1732  .  .  }
1733  .  }
1734  .  FileStart: var.go:1:1
1735  .  FileEnd: var.go:85:3
1736  .  Scope: *ast.Scope {
1737  .  .  Objects: map[string]*ast.Object (len = 6) {
1738  .  .  .  "get": *(obj @ 186)
1739  .  .  .  "call": *(obj @ 232)
1740  .  .  .  "fooVar": *(obj @ 16)
1741  .  .  .  "aFoo": *(obj @ 91)
1742  .  .  .  "myInt": *(obj @ 108)
1743  .  .  .  "newFooVar": *(obj @ 127)
1744  .  .  }
1745  .  }
1746  .  Unresolved: []*ast.Ident (len = 17) {
1747  .  .  0: *(obj @ 40)
1748  .  .  1: *(obj @ 59)
1749  .  .  2: *(obj @ 115)
1750  .  .  3: *(obj @ 202)
1751  .  .  4: *(obj @ 246)
1752  .  .  5: *(obj @ 300)
1753  .  .  6: *(obj @ 367)
1754  .  .  7: *(obj @ 447)
1755  .  .  8: *(obj @ 453)
1756  .  .  9: *(obj @ 481)
1757  .  .  10: *(obj @ 593)
1758  .  .  11: *(obj @ 633)
1759  .  .  12: *(obj @ 657)
1760  .  .  13: *(obj @ 674)
1761  .  .  14: *(obj @ 1093)
1762  .  .  15: *(obj @ 1217)
1763  .  .  16: *(obj @ 1340)
1764  .  }
1765  .  GoVersion: ""
1766  }